916 2
902 2
912 2
905 2
910 2
908 2
902 2
910 2
917 2
905 2
910 2
901 2
903 2
902 2
914 2
913 2
916 2
907 2
902 2
911 2
917 2
909 2
905 2
899 2
915 2
905 2
906 2
913 2
912 2
915 2
910 2
910 2
913 2
906 2
903 2
906 2
897 2
907 2
907 2
908 2
908 2
919 2
919 2
909 2
907 2
907 2
908 2
913 2
915 2
901 2
908 2
907 2
907 2
910 2
909 2
913 2
900 2
906 2
910 2
910 2
910 2
917 2
904 2
914 2
912 2
906 2
914 2
901 2
905 2
910 2
914 2
908 2
918 2
906 2
903 2
915 2
917 2
912 2
910 2
901 2
901 2
907 2
912 2
895 2
907 2
909 2
914 2
913 2
911 2
913 2
922 2
904 2
909 2
906 2
904 2
915 2
912 2
913 2
913 2
904 2
