45
4
46656
0
2167107747829
5625
46656
6
823543
384
86802030
27
20065812480
133923132
4730880
0
4
512
27282039399
1114512556032
0
72
27
197791083984375
5605041796875000
172186884
1008
77812273803
259172170858367
3499999999
306110016
94532266521
3750
1260000000
8388608
22
35031511230467100
320
40633270272
471517199999997
1393140695040
7
10
17619783573595
1137731567614
14
1807157289600
14
6291456
90030730020
205800
114791256
3750
3125
650132324352
470596
5270875427999
48088797216767
6313843403
7928902608118
1114512556026
111569652633599
4
1210104
823543
866843099129
20
13510132201199
1114512556024
4
19429817057280
256
0
153055008
13271040
