999 255 255
998 255 254
996 254 253
992 253 253
991 253 252
987 252 252
986 252 252
985 252 252
984 252 251
976 251 250
970 250 250
969 250 249
968 249 249
967 249 249
966 249 248
963 248 248
962 248 248
961 248 248
960 248 248
959 248 247
957 247 247
956 247 247
955 247 246
950 246 246
949 246 245
946 245 245
945 245 245
944 245 245
943 244 245
942 244 245
941 244 244
940 244 244
939 244 244
938 244 244
937 243 244
936 242 243
935 242 243
934 242 243
933 241 243
932 240 243
931 239 242
930 239 242
929 239 242
928 239 242
927 238 242
926 238 242
925 238 242
924 238 242
923 238 241
922 237 241
921 237 241
920 237 241
919 237 241
918 237 241
917 236 240
916 236 240
915 236 240
914 236 240
913 236 239
912 235 239
911 235 239
910 235 239
909 235 238
908 234 238
907 234 238
906 233 237
905 233 237
904 233 237
903 232 237
902 232 237
901 232 237
900 232 236
899 231 236
898 231 236
897 231 236
896 230 235
895 230 235
894 230 235
893 230 235
892 229 234
891 229 234
890 229 233
889 229 233
888 229 233
887 227 233
886 227 233
885 227 232
884 227 232
883 227 232
882 226 231
881 226 231
880 226 231
879 226 231
878 226 230
877 226 230
876 225 230
875 225 229
874 225 229
873 225 228
872 225 228
871 225 228
870 225 228
869 223 228
868 223 227
867 223 227
866 222 227
865 222 227
864 222 226
863 221 226
862 221 226
861 221 226
860 221 226
859 220 225
858 220 225
857 220 225
856 220 225
855 219 225
854 219 224
853 219 224
852 219 224
851 219 224
850 219 224
849 219 223
848 219 223
847 218 223
846 218 222
845 218 221
844 217 221
843 217 221
842 217 221
841 217 221
840 216 221
839 216 219
838 216 219
837 216 219
836 215 218
835 215 218
834 214 218
833 214 217
832 214 217
831 213 216
830 213 216
829 212 216
828 212 216
827 212 215
826 212 215
825 212 215
824 211 215
823 211 214
822 211 214
821 211 214
820 211 214
819 211 214
818 210 213
817 210 213
816 210 213
815 210 213
814 209 212
813 209 212
812 208 211
811 208 211
810 208 211
809 208 211
808 208 210
807 208 210
806 208 209
805 208 209
804 207 209
803 207 208
802 207 207
801 207 207
800 207 206
798 206 206
797 206 205
791 205 205
790 205 205
789 204 205
788 204 205
787 203 204
786 203 204
785 203 204
784 203 204
783 203 203
782 202 203
781 202 203
780 202 203
779 202 203
778 201 203
777 201 202
776 200 202
775 200 202
774 200 202
773 199 202
772 199 201
771 199 201
770 199 200
769 199 200
768 198 200
767 198 200
766 198 199
765 197 199
764 196 199
763 196 198
762 196 198
761 195 198
760 195 197
759 195 197
758 194 196
757 194 195
756 194 195
755 194 195
754 194 194
753 193 194
752 193 194
751 193 194
750 193 193
749 192 193
748 192 193
747 192 193
746 192 193
745 191 193
744 191 193
743 190 193
742 190 192
741 190 192
740 190 192
739 190 192
738 190 192
737 189 191
736 189 191
735 188 191
734 187 190
733 187 190
732 186 190
731 186 189
730 186 189
729 185 189
728 185 189
727 185 189
726 185 188
725 184 188
724 184 188
723 184 188
722 184 188
721 184 187
720 183 187
719 183 187
718 182 186
717 182 186
716 182 186
715 182 186
714 181 186
713 181 186
712 181 185
711 181 184
710 180 184
709 180 184
708 180 183
707 180 183
706 180 183
705 179 183
704 179 182
703 178 182
702 178 182
701 178 182
700 177 182
699 177 181
698 176 181
697 176 181
696 175 180
695 174 180
694 174 180
693 174 180
692 173 180
691 173 180
690 172 180
689 172 180
688 171 179
687 171 179
686 171 179
685 171 178
684 171 178
683 170 178
682 170 178
681 170 177
680 170 177
679 170 177
678 170 177
677 170 176
676 170 176
675 170 175
674 169 175
673 168 175
672 168 174
671 168 174
670 167 174
669 167 174
668 167 173
667 166 173
666 166 173
665 166 173
664 166 173
663 166 173
662 165 173
661 165 173
660 165 172
659 165 171
658 164 171
657 164 171
656 164 170
655 164 170
654 164 170
653 164 170
652 164 170
651 164 169
650 164 169
649 163 169
648 163 169
647 163 168
646 163 168
645 162 168
644 162 168
643 162 168
642 161 167
641 161 167
640 161 167
639 161 166
638 161 165
637 161 165
636 159 165
635 159 164
634 159 164
633 159 164
632 159 164
631 158 164
630 158 163
629 157 163
628 157 163
627 157 163
626 157 163
625 157 163
624 156 163
623 156 163
622 156 163
621 156 163
620 155 162
619 155 162
618 155 162
617 155 162
616 155 161
615 155 161
614 154 161
613 154 161
612 153 161
611 153 160
610 153 160
609 153 160
608 153 160
607 152 160
606 152 160
605 151 159
604 151 159
603 151 159
602 151 159
601 151 159
600 150 159
599 150 158
598 149 158
597 149 158
596 149 157
595 149 157
594 148 157
593 148 157
592 148 157
591 147 156
590 147 156
589 147 156
588 147 156
587 147 155
586 146 155
585 146 155
584 146 155
583 146 154
582 146 154
581 145 154
580 144 154
579 144 154
578 144 154
577 144 154
576 144 154
575 144 153
574 143 153
573 143 153
572 143 152
571 143 151
570 143 151
569 143 151
568 142 151
567 142 151
566 142 151
565 142 151
564 142 151
563 141 150
562 140 150
561 140 150
560 140 149
559 140 149
558 139 149
557 139 149
556 139 149
555 139 149
554 139 149
553 139 149
552 139 149
551 138 149
550 138 148
549 137 148
548 137 148
547 137 148
546 137 147
545 137 147
544 136 146
543 136 146
542 135 146
541 135 145
540 135 145
539 135 145
538 135 145
537 135 145
536 134 145
535 133 145
534 133 144
533 133 144
532 133 144
531 133 144
530 132 144
529 132 143
528 131 143
527 131 142
526 131 142
525 131 142
524 131 141
523 131 141
522 131 141
521 130 141
520 130 141
519 129 141
518 129 140
517 129 140
516 129 140
515 128 140
514 128 140
513 127 139
512 127 139
511 126 139
510 126 139
509 126 139
508 126 139
507 125 139
506 125 138
505 125 138
504 125 138
503 125 138
502 125 138
501 124 138
500 124 137
499 123 137
498 123 137
497 123 137
496 122 136
495 121 136
494 121 136
493 121 135
492 120 135
491 119 135
490 119 135
489 119 135
488 119 135
487 118 134
486 118 134
485 118 134
484 118 134
483 118 133
482 117 133
481 117 133
480 116 133
479 116 133
478 116 133
477 115 133
476 115 133
475 115 132
474 115 132
473 115 131
472 114 131
471 114 131
470 113 131
469 113 130
468 113 130
467 113 130
466 113 129
465 112 129
464 112 129
463 112 129
462 112 129
461 111 128
460 111 128
459 111 127
458 110 127
457 109 127
456 109 126
455 108 126
454 108 126
453 108 126
452 107 126
451 107 125
450 107 125
449 107 124
448 107 124
447 106 124
446 105 124
445 105 124
444 105 123
443 105 123
442 105 123
441 105 123
440 104 122
439 104 122
438 103 122
437 103 122
436 102 121
435 102 121
434 102 121
433 102 120
432 102 120
431 101 120
430 101 120
429 101 119
428 101 119
427 100 119
426 100 119
425 100 119
424 99 118
423 99 118
422 99 118
421 99 118
420 98 118
419 98 117
418 98 117
417 98 117
416 98 116
415 98 116
414 98 116
413 98 116
412 97 115
411 96 115
410 96 115
409 96 114
408 96 114
407 95 114
406 95 113
405 95 113
404 94 113
403 94 113
402 94 113
401 94 112
400 93 112
399 93 112
398 93 112
397 93 111
396 93 111
395 93 111
394 92 111
393 91 111
392 91 111
391 91 110
390 91 110
389 90 110
388 90 110
387 90 109
386 90 109
385 89 108
384 89 108
383 89 108
382 89 108
381 88 108
380 88 107
379 88 107
378 87 107
377 87 107
376 87 107
375 87 106
374 87 106
373 86 106
372 86 106
371 86 105
370 86 105
369 86 105
368 86 104
367 85 104
366 85 103
365 85 103
364 85 103
363 84 103
362 84 102
361 84 102
360 84 102
359 84 102
358 83 101
357 83 101
356 83 101
355 82 100
354 82 100
353 82 100
352 82 100
351 82 100
350 82 99
349 82 99
348 81 99
347 81 98
346 81 98
345 81 98
344 81 98
343 81 98
342 81 98
341 80 98
340 80 98
339 80 98
338 80 98
337 79 97
336 79 96
335 79 96
334 79 96
333 78 96
332 78 96
331 78 96
330 78 96
329 78 96
328 77 95
327 76 95
326 76 95
325 76 94
324 76 94
323 75 93
322 75 93
321 75 92
320 75 92
319 75 92
318 74 92
317 74 92
316 74 92
315 74 91
314 74 91
313 74 90
312 74 90
311 74 90
310 73 88
309 73 88
308 73 88
307 73 88
306 72 88
305 72 87
304 72 86
303 72 86
302 71 85
301 71 85
300 71 85
299 70 84
298 70 84
297 69 84
296 69 84
295 69 84
294 69 84
293 68 83
292 68 83
291 68 83
290 68 83
289 68 83
288 67 83
287 67 83
286 67 83
285 67 83
284 67 82
283 66 82
282 66 82
281 66 82
280 66 82
279 66 81
278 65 81
277 65 80
276 65 80
275 64 80
274 64 79
273 64 78
272 64 78
271 64 77
270 63 77
269 63 77
268 62 76
267 62 75
266 62 74
265 62 74
264 62 73
263 62 73
262 62 73
261 62 73
260 62 73
259 62 72
258 61 72
257 61 72
256 61 72
255 61 71
254 61 71
253 61 71
252 61 71
251 61 71
250 60 70
249 60 70
248 60 70
247 60 70
246 60 70
245 60 70
244 60 70
243 59 70
242 59 69
241 58 69
240 58 68
239 57 68
238 57 68
237 57 68
236 57 68
235 57 67
234 56 67
233 56 67
232 55 66
231 55 66
230 55 66
229 54 65
228 54 65
227 54 65
226 54 65
225 54 65
224 53 65
223 53 64
222 53 64
221 52 64
220 52 64
219 52 64
218 52 64
217 52 64
216 52 64
215 52 63
214 51 63
213 51 63
212 51 63
211 51 63
210 51 62
209 51 62
208 51 62
207 51 62
206 51 62
205 50 62
204 50 62
203 49 61
202 48 61
201 48 61
200 47 61
199 46 61
198 46 60
197 46 59
196 46 59
195 46 59
194 45 59
193 45 58
192 45 58
191 44 58
190 44 57
189 44 57
188 44 57
187 44 57
186 44 57
185 44 57
184 43 57
183 43 56
182 43 56
181 43 56
180 43 56
179 43 56
178 43 56
177 43 55
176 42 55
175 42 54
174 42 54
173 41 54
172 40 53
171 40 53
170 40 53
169 40 53
168 39 53
167 39 52
166 39 52
165 39 52
164 38 52
163 38 52
162 38 52
161 38 52
160 38 51
159 37 51
158 37 51
157 37 51
156 37 50
155 37 49
154 36 49
153 36 49
152 36 49
151 35 48
150 35 48
149 35 48
148 34 48
147 34 48
146 33 47
145 33 47
144 33 47
143 33 47
142 33 46
141 33 46
140 33 46
139 33 46
138 32 46
137 32 45
136 32 45
135 32 45
134 32 45
133 31 45
132 31 44
131 31 44
130 31 43
129 31 43
128 31 42
127 30 42
126 30 41
125 30 41
124 30 41
123 30 41
122 30 40
121 30 40
120 29 40
119 29 40
118 29 40
117 29 40
116 28 39
115 28 39
114 28 39
113 28 39
112 27 38
111 27 38
110 27 37
109 26 36
108 26 36
107 26 36
106 25 36
105 25 36
104 25 36
103 25 36
102 25 35
101 24 35
100 24 35
99 24 34
98 24 34
97 24 33
96 24 33
95 24 33
94 23 33
93 23 33
92 23 33
91 23 33
90 22 32
89 22 32
88 22 32
87 22 32
86 22 32
85 22 32
84 22 31
83 21 31
82 21 31
81 20 31
80 20 31
79 20 31
78 20 31
77 19 30
76 19 30
75 19 30
74 19 29
73 18 29
72 18 28
71 18 28
70 17 27
69 17 27
68 17 27
67 17 26
66 16 26
65 16 25
64 16 24
63 16 24
62 16 24
61 16 23
60 15 23
59 15 23
58 14 22
57 14 22
56 14 22
55 14 22
54 13 22
53 13 21
52 13 21
51 13 21
50 13 21
49 13 21
48 12 21
47 12 21
46 12 20
45 12 20
44 12 20
43 12 20
42 12 19
41 11 19
40 11 19
39 11 18
38 11 18
37 11 18
36 9 18
35 9 18
34 9 17
33 9 17
32 8 17
31 8 17
30 8 17
29 7 16
28 6 16
27 6 16
26 6 16
25 6 15
24 6 15
23 6 15
22 5 15
21 5 15
20 5 14
19 5 14
18 5 14
17 4 14
16 3 14
15 3 13
14 3 13
13 3 13
12 2 13
11 1 12
10 1 12
9 1 11
8 1 11
7 1 11
6 0 11
5 0 10
4 0 10
3 0 10
2 0 10
1 0 10
0 0 10
34