0
0
0
0
0
0
1
1
1
2
2
2
2
2
1
1
1
2
2
2
2
4
6
4
4
4
5
5
7
7
7
9
7
5
5
5
6
7
9
11
9
7
7
9
9
9
9
10
11
10
11
11
11
12
12
12
13
15
15
15
15
17
19
21
23
23
23
23
23
23
23
24
24
24
24
25
25
27
27
29
29
31
32
34
32
32
32
33
35
35
35
35
35
35
35
36
38
36
36
38
40
38
40
40
40
40
40
38
40
42
43
44
44
44
44
44
44
45
45
45
45
45
46
46
46
46
46
46
47
46
46
46
46
46
46
47
47
47
49
51
51
53
53
53
55
55
55
56
56
58
56
56
56
57
58
58
60
60
60
61
61
63
63
63
63
64
64
66
67
69
71
73
73
73
74
74
74
75
75
75
75
75
74
75
74
74
75
75
75
75
76
76
76
76
76
77
76
77
78
77
78
78
78
79
78
78
79
79
81
79
79
79
79
79
79
80
80
80
82
82
82
82
82
83
82
83
84
85
87
88
87
87
89
90
90
92
90
90
90
91
91
91
91
92
92
92
93
93
95
97
98
98
98
98
100
102
102
104
106
107
109
109
111
111
113
113
115
115
115
115
115
115
115
116
118
116
116
118
118
118
119
118
119
118
119
121
121
121
121
122
123
125
125
125
125
125
125
125
125
127
127
129
129
131
131
133
133
133
134
134
134
134
134
135
135
137
135
137
137
139
141
139
139
141
141
141
141
141
143
143
145
145
145
147
147
147
148
148
148
148
148
148
148
149
148
148
148
149
149
149
149
151
151
151
152
152
152
152
154
154
154
154
154
154
156
154
154
156
156
156
156
156
156
156
156
157
158
158
160
158
158
158
158
158
158
159
159
159
159
159
159
159
159
160
160
162
162
164
162
164
165
164
165
166
166
168
168
168
168
168
168
169
170
170
172
173
173
175
176
178
179
179
181
182
183
183
183
184
184
184
185
187
187
187
187
188
189
189
189
189
189
189
189
189
189
189
190
190
190
191
191
193
193
193
193
193
193
193
193
193
193
194
194
194
195
194
195
194
195
195
197
195
195
195
195
196
196
196
196
197
198
200
200
202
202
204
206
208
209
209
209
209
209
210
210
210
209
210
210
212
214
216
217
218
218
220
222
222
222
222
222
222
222
222
223
223
225
225
225
223
223
224
223
224
226
226
228
229
228
229
229
231
231
233
234
234
234
235
235
235
236
236
238
240
240
240
242
242
242
243
242
243
245
246
248
250
248
248
250
252
252
252
253
255
255
255
256
256
256
258
258
260
260
260
260
261
262
261
261
263
263
265
265
265
265
265
266
265
266
267
266
266
266
266
266
266
266
266
266
267
266
266
266
267
268
269
271
272
272
274
274
274
274
275
275
275
276
276
276
276
277
278
280
282
280
280
282
280
280
280
280
281
283
285
286
285
286
286
286
287
289
289
291
293
293
293
293
294
295
295
297
297
299
297
299
299
301
303
304
304
304
304
304
306
308
306
304
304
306
306
306
304
306
304
306
306
306
308
310
310
310
310
312
310
312
314
312
314
314
314
315
315
317
315
315
315
315
317
318
318
318
319
319
319
320
322
324
325
325
327
327
327
328
329
329
329
329
330
330
330
331
333
331
333
334
336
337
337
339
341
339
339
339
339
339
339
340
341
343
345
346
347
348
349
349
349
351
351
353
353
355
353
355
357
355
355
357
359
359
359
357
355
357
359
357
355
355
355
357
357
357
359
361
361
363
361
363
364
364
364
364
366
368
368
368
369
369
371
373
374
374
376
374
374
374
374
374
374
375
376
376
378
378
378
378
379
378
379
379
379
380
380
380
380
381
382
382
382
382
382
384
386
386
386
386
386
387
386
387
386
387
388
388
390
390
390
390
391
392
392
394
396
396
398
399
399
399
399
399
399
399
399
400
400
400
400
400
400
401
400
400
400
400
400
400
401
402
402
402
402
402
402
402
403
403
403
404
404
406
406
406
406
406
406
406
407
407
409
410
411
412
413
413
415
413
415
415
415
415
415
415
416
415
415
415
415
415
415
416
416
416
416
418
418
418
418
418
419
419
419
419
419
420
419
420
421
422
424
425
426
428
429
428
428
430
431
432
432
434
434
434
434
436
436
438
438
440
438
438
438
439
440
442
444
446
444
444
446
446
448
448
450
450
452
454
455
454
455
457
458
459
460
462
460
460
462
460
460
461
461
463
465
465
467
465
465
465
465
465
465
466
468
468
470
468
468
468
470
472
472
474
474
474
474
474
475
476
475
476
476
476
477
476
477
476
475
475
477
477
477
478
479
479
481
481
483
483
485
487
488
490
490
490
491
493
493
493
493
493
493
493
493
493
494
494
494
494
495
495
497
498
497
497
499
499
501
501
501
502
504
505
505
507
507
507
507
507
508
508
510
510
512
514
514
516
516
516
518
519
520
522
522
522
524
524
526
527
527
527
527
527
527
527
528
530
530
530
530
532
530
530
531
531
533
535
537
537
539
540
540
540
540
540
542
540
542
544
542
544
544
546
546
546
546
548
548
548
548
548
548
548
548
548
549
550
550
552
552
552
553
553
553
553
553
553
555
557
558
558
560
562
560
562
560
560
562
560
560
561
560
560
560
560
560
560
560
560
560
560
560
560
560
560
560
561
562
563
564
564
566
567
566
567
568
569
571
573
575
577
577
577
579
577
575
575
575
577
579
581
581
581
582
582
582
582
582
583
583
583
583
583
583
583
583
583
583
583
583
584
584
584
585
587
587
587
588
590
590
592
592
594
594
594
594
594
595
594
595
597
598
598
598
598
598
599
598
599
598
599
599
601
603
603
603
604
604
604
604
604
604
604
604
605
606
606
608
609
609
611
612
612
614
616
616
616
616
616
617
617
617
617
617
618
619
619
619
620
622
622
622
622
622
623
623
623
624
626
626
626
624
624
624
624
624
625
625
627
625
625
626
627
627
627
627
627
628
628
628
628
628
629
629
629
628
628
628
629
630
630
630
631
631
633
635
636
636
638
638
640
638
640
640
640
640
640
640
640
641
640
641
641
643
645
645
645
645
645
645
645
645
645
645
646
646
646
647
647
647
648
647
647
647
647
648
647
648
648
648
649
648
648
648
649
650
651
653
654
653
654
654
656
658
660
660
662
662
662
662
664
665
665
665
666
665
665
666
665
665
666
667
668
668
668
668
670
672
673
674
676
676
676
676
676
676
676
677
677
679
680
680
680
680
680
680
680
680
680
680
681
682
681
682
681
682
682
682
683
685
686
685
683
683
685
683
685
687
688
689
689
689
689
690
691
691
693
691
691
692
691
692
691
691
692
693
693
693
694
694
694
695
694
695
694
695
695
697
699
699
699
700
702
700
702
704
706
706
706
706
706
704
704
706
706
706
706
707
708
708
708
708
708
709
711
709
711
713
713
713
713
713
714
716
714
716
716
716
716
716
716
716
717
719
721
721
721
722
722
722
724
722
722
722
722
723
723
725
726
726
728
730
732
734
736
736
736
736
736
737
737
739
739
739
740
739
739
739
740
739
739
739
739
739
741
741
741
742
742
744
744
744
744
744
744
744
744
744
745
746
746
746
747
747
747
746
746
747
748
750
751
750
750
750
751
750
750
752
750
752
753
752
752
754
752
754
752
754
755
757
759
759
759
759
760
760
760
760
760
760
760
761
763
764
764
766
766
766
764
766
768
770
768
768
768
768
768
769
769
769
769
771
771
773
773
773
774
776
774
774
776
778
779
778
778
780
778
780
780
782
782
782
780
782
780
780
778
780
778
778
778
778
778
779
779
779
780
780
780
780
780
779
780
782
783
784
786
786
788
790
788
788
788
789
791
793
794
795
795
797
799
799
799
800
802
802
802
803
802
802
802
802
803
804
804
804
805
807
807
807
807
807
809
809
811
809
811
811
813
813
813
813
813
814
813
814
814
814
814
815
815
815
816
815
816
816
818
816
816
816
818
818
818
818
820
820
822
824
825
825
825
825
825
825
826
826
826
826
827
828
830
831
831
831
833
835
835
835
835
835
835
835
835
836
835
835
836
836
838
836
838
838
838
838
838
839
841
842
842
842
842
844
845
845
845
845
845
846
848
848
848
848
850
848
850
848
850
850
850
851
851
853
851
853
855
855
855
855
855
856
855
855
855
855
856
856
858
858
858
858
859
860
860
862
864
864
864
864
866
866
868
869
868
869
869
871
869
871
871
873
874
874
874
874
874
875
876
876
878
879
881
882
882
882
882
882
881
879
881
879
881
882
882
882
882
882
883
885
883
883
883
884
886
888
886
886
886
886
886
886
888
890
892
892
892
892
893
892
892
892
893
893
893
894
896
897
897
899
901
899
901
902
901
902
901
901
901
901
901
901
903
901
901
901
901
902
902
904
905
907
905
907
907
909
909
911
909
911
909
909
909
910
909
909
909
910
910
910
911
912
911
912
912
912
913
913
913
913
915
917
915
913
915
913
913
914
916
918
918
918
919
918
918
918
919
919
919
919
919
919
921
921
921
921
921
921
921
922
921
919
919
919
919
919
919
920
921
922
922
922
921
921
921
922
922
922
923
923
925
923
925
925
927
925
927
927
927
927
928
927
928
929
929
929
929
931
933
935
937
935
933
933
935
937
937
939
941
942
941
941
941
942
944
945
946
946
948
950
948
946
948
948
948
948
950
952
952
952
952
952
953
955
955
955
955
955
955
956
957
957
957
958
960
960
962
962
962
962
963
964
966
966
968
966
966
966
966
967
967
967
967
967
967
967
968
968
968
968
970
970
972
974
972
974
975
976
978
980
980
982
982
982
984
984
984
985
984
984
984
984
985
986
986
986
987
987
987
989
990
990
990
991
990
991
990
991
991
991
993
991
991
991
991
992
993
995
995
995
995
997
999
999
1001
999
1001
999
1001
1003
1005
1003
1005
1006
1007
1006
1006
1008
1006
1006
1006
1006
1007
1007
1007
1007
1007
1007
1008
1009
1009
1009
1009
1009
1011
1011
1013
1015
1015
1015
1016
1015
1016
1018
1019
1021
1021
1021
1022
1022
1024
1024
1024
1024
1024
1024
1026
1026
1026
1026
1026
1026
1026
1026
1026
1027
1027
1029
1030
1030
1030
1030
1030
1030
1031
1030
1030
1030
1030
1030
1030
1031
1031
1033
1033
1033
1033
1033
1033
1033
1033
1033
1033
1033
1033
1033
1034
1033
1034
1034
1034
1035
1037
1038
1038
1038
1038
1038
1038
1038
1038
1039
1038
1038
1038
1038
1038
1038
1039
1039
1039
1038
1039
1040
1040
1042
1040
1042
1042
1042
1043
1045
1046
1046
1048
1049
1049
1051
1049
1049
1049
1049
1049
1049
1049
1050
1049
1049
1049
1050
1049
1050
1049
1050
1051
1052
1051
1051
1051
1052
1054
1055
1054
1054
1056
1056
1056
1057
1058
1058
1058
1059
1059
1059
1059
1059
1059
1059
1061
1061
1061
1061
1062
1061
1062
1062
1062
1062
1063
1062
1063
1063
1065
1066
1066
1068
1066
1066
1066
1066
1068
1066
1068
1069
1069
1069
1069
1069
1069
1069
1069
1070
1071
1071
1071
1071
1072
1072
1074
1075
1075
1075
1075
1076
1075
1075
1076
1075
1075
1075
1076
1075
1076
1076
1076
1076
1076
1076
1076
1076
1076
1076
1076
1076
1076
1077
1077
1077
1077
1078
1079
1081
1079
1079
1079
1079
1079
1079
1080
1080
1082
1080
1082
1082
1084
1085
1086
1086
1086
1086
1086
1086
1088
1088
1090
1088
1090
1088
1088
1086
1088
1088
1090
1091
1093
1093
1095
1095
1095
1095
1095
1095
1095
1096
1096
1098
1096
1096
1096
1096
1097
1099
1097
1099
1097
1097
1097
1098
1098
1098
1098
1098
1100
1102
1104
1106
1107
1107
1107
1108
1108
1110
1110
1112
1114
1112
1112
1112
1113
1112
1112
1113
1114
1114
1116
1118
1120
1120
1120
1121
1123
1121
1123
1123
1125
1123
1123
1123
1125
1126
1126
1126
1126
1127
1128
1127
1126
1127
1128
1128
1130
1132
1133
1134
1134
1136
1136
1138
1139
1139
1141
1141
1141
1139
1139
1139
1141
1141
1141
1141
1142
1142
1144
1145
1147
1148
1148
1148
1148
1148
1148
1148
1149
1149
1149
1150
1150
1150
1150
1150
1151
1153
1153
1153
1153
1153
1153
1154
1155
1154
1155
1154
1155
1154
1155
1155
1157
1157
1159
1159
1161
1161
1163
1163
1163
1163
1163
1164
1164
1164
1163
1163
1163
1164
1164
1166
1166
1166
1167
1167
1167
1168
1168
1168
1167
1167
1169
1171
1171
1171
1173
1171
1173
1174
1174
1176
1174
1176
1177
1179
1181
1181
1181
1181
1181
1181
1181
1181
1181
1181
1182
1183
1182
1182
1182
1183
1184
1183
1184
1185
1185
1185
1185
1185
1185
1185
1186
1187
1187
1189
1187
1189
1189
1189
1190
1192
1193
1193
1193
1193
1193
1194
1194
1194
1195
1195
1195
1195
1195
1196
1196
1196
1196
1196
1196
1196
1197
1197
1197
1197
1198
1199
1199
1199
1199
1201
1203
1203
1205
1207
1209
1211
1213
1213
1213
1213
1213
1213
1213
1213
1214
1214
1214
1214
1214
1215
1217
1218
1220
1220
1222
1222
1222
1223
1222
1223
1223
1223
1223
1223
1224
1225
1225
1227
1225
1225
1226
1226
1228
1228
1230
1230
1232
1232
1234
1232
1232
1234
1235
1235
1235
1236
1236
1238
1238
1238
1238
1238
1238
1240
1240
1240
1238
1238
1240
1240
1240
1241
1240
1241
1243
1243
1245
1243
1245
1245
1247
1249
1249
1249
1250
1252
1254
1256
1254
1256
1256
1258
1256
1256
1258
1258
1260
1258
1258
1258
1260
1260
1260
1261
1260
1260
1260
1260
1260
1260
1261
1261
1261
1260
1261
1261
1261
1261
1261
1262
1261
1261
1262
1262
1262
1263
1263
1263
1263
1263
1264
1266
1264
1263
1264
1266
1268
1269
1268
1268
1268
1268
1268
1268
1268
1268
1268
1268
1269
1269
1271
1271
1271
1269
1271
1272
1273
1272
1273
1273
1273
1273
1274
1274
1274
1274
1274
1274
1274
1275
1275
1275
1275
1275
1275
1275
1275
1276
1276
1276
1276
1277
1278
1278
1278
1279
1278
1278
1278
1280
1281
1281
1281
1281
1283
1284
1284
1286
1284
1286
1286
1286
1286
1286
1286
1286
1286
1286
1286
1286
1287
1287
1287
1286
1286
1287
1288
1289
1290
1292
1290
1290
1290
1290
1292
1292
1294
1292
1292
1292
1292
1292
1292
1292
1292
1294
1292
1290
1292
1292
1292
1292
1293
1294
1294
1294
1295
1297
1297
1299
1299
1299
1299
1299
1299
1299
1300
1302
1304
1306
1306
1308
1309
1309
1309
1311
1311
1313
1313
1313
1313
1313
1313
1313
1314
1316
1314
1316
1316
1316
1314
1316
1318
1316
1318
1316
1316
1316
1317
1316
1316
1316
1317
1319
1319
1319
1319
1319
1319
1320
1319
1320
1320
1322
1320
1320
1320
1320
1320
1320
1321
1322
1322
1324
1325
1324
1324
1324
1324
1324
1324
1326
1327
1329
1330
1329
1327
1329
1330
1332
1334
1332
1332
1332
1333
1332
1332
1332
1333
1332
1332
1333
1334
1334
1334
1334
1334
1335
1335
1335
1336
1336
1338
1339
1339
1341
1343
1343
1343
1343
1344
1345
1347
1345
1344
1344
1346
1346
1346
1347
1347
1347
1349
1349
1349
1350
1350
1352
1352
1352
1352
1352
1352
1353
1354
1356
1354
1353
1353
1355
1353
1353
1353
1353
1354
1353
1352
1352
1352
1352
1352
1352
1353
1353
1353
1352
1352
1352
1352
1353
1353
1353
1354
1353
1353
1353
1353
1354
1355
1354
1355
1355
1355
1355
1357
1358
1358
1358
1358
1359
1358
1358
1358
1358
1359
1358
1358
1358
1358
1359
1360
1361
1360
1360
1360
1361
1360
1360
1360
1360
1361
1362
1362
1362
1362
1363
1363
1363
1362
1363
1362
1362
1363
1363
1363
1363
1363
1364
1365
1365
1367
1367
1367
1368
1370
1371
1373
1375
1377
1377
1377
1377
1379
1379
1379
1379
1381
1382
1383
1385
1386
1388
1389
1390
1391
1393
1391
1393
1395
1393
1393
1395
1397
1399
1399
1399
1399
1399
1399
1399
1399
1399
1399
1399
1399
1400
1400
1402
1402
1402
1403
1403
1403
1404
1406
1406
1406
1406
1406
1406
1406
1407
1406
1406
1408
1408
1408
1408
1410
1410
1410
1411
1411
1411
1411
1411
1411
1411
1411
1412
1412
1412
1412
1414
1414
1414
1415
1414
1415
1414
1414
1415
1416
1418
1419
1418
1419
1421
1423
1425
1425
1425
1425
1425
1425
1426
1427
1427
1427
1427
1427
1427
1427
1428
1430
1428
1430
1428
1430
1430
1430
1430
1431
1431
1431
1432
1434
1432
1432
1434
1436
1436
1438
1436
1438
1438
1440
1440
1440
1440
1441
1442
1444
1444
1444
1445
1447
1448
1447
1448
1449
1451
1451
1453
1454
1453
1454
1455
1456
1455
1456
1456
1458
1459
1460
1460
1462
1462
1462
1463
1463
1465
1465
1465
1467
1469
1467
1469
1469
1469
1469
1469
1470
1470
1470
1470
1470
1470
1471
1471
1473
1474
1473
1474
1473
1471
1473
1473
1473
1474
1476
1476
1478
1478
1478
1479
1479
1481
1481
1483
1483
1485
1487
1488
1489
1489
1489
1489
1489
1489
1490
1491
1493
1493
1493
1493
1493
1493
1494
1494
1496
1494
1496
1494
1496
1494
1496
1496
1498
1496
1498
1498
1498
1496
1498
1499
1499
1499
1498
1498
1500
1500
1502
1503
1505
1505
1507
1508
1508
1508
1507
1508
1510
1510
1510
1508
1508
1510
1508
1510
1510
1512
1512
1512
1513
1515
1515
1515
1513
1512
1513
1513
1513
1513
1513
1513
1513
1515
1517
1515
1517
1517
1519
1519
1519
1519
1520
1520
1520
1521
1521
1521
1522
1522
1524
1526
1526
1526
1526
1526
1527
1527
1527
1528
1528
1528
1527
1527
1529
1530
1531
1531
1531
1533
1531
1533
1535
1536
1538
1538
1538
1538
1540
1538
1540
1540
1542
1542
1544
1544
1544
1544
1544
1546
1548
1549
1551
1551
1551
1549
1551
1552
1552
1554
1556
1557
1558
1558
1558
1559
1561
1561
1561
1561
1563
1564
1564
1566
1566
1566
1564
1564
1565
1565
1565
1565
1565
1565
1566
1565
1565
1566
1567
1567
1569
1570
1572
1574
1574
1576
1578
1579
1580
1582
1584
1586
1586
1586
1586
1588
1588
1590
1590
1590
1590
1590
1590
1590
1590
1592
1594
1595
1595
1595
1596
1598
1598
1598
1598
1598
1599
1598
1599
1599
1601
1601
1603
1604
1605
1607
1608
1608
1610
1608
1608
1608
1608
1608
1608
1609
1609
1609
1609
1609
1609
1611
1612
1613
1613
1613
1613
1613
1613
1613
1613
1614
1615
1614
1614
1616
1614
1614
1614
1615
1615
1617
1617
1619
1620
1620
1620
1620
1622
1622
1624
1622
1622
1622
1622
1622
1622
1622
1622
1623
1622
1623
1623
1623
1623
1625
1626
1627
1627
1627
1627
1627
1627
1628
1627
1628
1629
1629
1629
1629
1630
1630
1630
1630
1632
1632
1634
1634
1634
1635
1634
1634
1636
1634
1636
1637
1639
1639
1639
1640
1639
1640
1641
1641
1641
1642
1642
1642
1642
1643
1644
1644
1644
1646
1646
1648
1648
1648
1649
1648
1648
1648
1648
1649
1648
1648
1648
1648
1648
1648
1649
1648
1648
1649
1649
1651
1652
1651
1651
1651
1652
1653
1652
1652
1652
1652
1652
1653
1652
1652
1653
1653
1655
1656
1658
1656
1658
1659
1658
1656
1658
1659
1658
1656
1656
1658
1660
1660
1660
1660
1661
1661
1663
1663
1663
1663
1665
1663
1665
1665
1667
1665
1665
1665
1665
1666
1666
1668
1666
1668
1669
1668
1669
1670
1672
1670
1670
1670
1671
1673
1671
1673
1673
1673
1675
1676
1675
1675
1675
1675
1676
1677
1677
1677
1678
1680
1678
1680
1680
1682
1682
1682
1683
1685
1683
1685
1685
1685
1686
1688
1690
1690
1690
1691
1691
1691
1692
1694
1696
1697
1697
1697
1697
1697
1697
1698
1699
1699
1701
1701
1701
1701
1703
1703
1703
1703
1703
1703
1704
1704
1704
1705
1704
1704
1706
1706
1706
1707
1706
1707
1708
1709
1709
1711
1713
1715
1715
1717
1718
1717
1717
1719
1717
1717
1717
1717
1717
1717
1717
1717
1718
1718
1718
1719
1721
1722
1722
1724
1725
1724
1725
1727
1728
1730
1730
1732
1734
1734
1736
1738
1736
1736
1736
1736
1736
1737
1737
1737
1737
1737
1738
1740
1740
1740
1740
1740
1740
1740
1741
1740
1741
1740
1741
1740
1740
1740
1740
1741
1741
1741
1741
1741
1741
1741
1741
1741
1742
1743
1743
1745
1746
1746
1748
1748
1748
1749
1751
1753
1753
1753
1754
1756
1757
1757
1757
1758
1760
1760
1760
1760
1760
1760
1761
1760
1760
1760
1760
1760
1760
1760
1761
1762
1761
1762
1764
1764
1766
1767
1768
1768
1770
1771
1770
1771
1772
1772
1774
1772
1772
1774
1774
1776
1774
1776
1774
1774
1774
1774
1774
1775
1774
1775
1776
1778
1776
1778
1776
1778
1780
1778
1778
1778
1778
1780
1782
1782
1784
1786
1784
1782
1782
1783
1785
1785
1785
1787
1787
1787
1788
1788
1788
1787
1788
1790
1790
1792
1790
1792
1792
1792
1794
1794
1794
1794
1796
1796
1796
1797
1797
1799
1799
1799
1800
1800
1800
1800
1802
1804
1806
1804
1804
1806
1804
1806
1804
1806
1804
1804
1804
1806
1806
1806
1804
1804
1805
1805
1807
1807
1807
1809
1809
1809
1810
1809
1810
1810
1812
1814
1812
1810
1810
1810
1810
1811
1811
1813
1811
1813
1814
1814
1816
1817
1819
1819
1819
1819
1819
1819
1820
1820
1822
1820
1822
1823
1823
1825
1827
1825
1827
1829
1829
1829
1827
1825
1827
1829
1831
1831
1831
1833
1833
1833
1833
1833
1834
1835
1834
1833
1834
1835
1835
1837
1838
1840
1838
1840
1840
1840
1841
1841
1841
1841
1841
1842
1843
1843
1845
1847
1848
1848
1850
1851
1853
1851
1851
1853
1855
1857
1859
1859
1861
1859
1859
1860
1862
1864
1865
1866
1865
1865
1865
1865
1865
1865
1866
1866
1866
1867
1867
1867
1867
1867
1868
1868
1868
1868
1869
1869
1871
1871
1871
1871
1873
1873
1873
1874
1876
1877
1877
1877
1877
1879
1879
1881
1879
1879
1877
1877
1879
1877
1879
1881
1881
1883
1881
1881
1881
1881
1881
1882
1882
1882
1882
1882
1883
1882
1882
1882
1882
1883
1882
1882
1883
1882
1882
1882
1883
1883
1883
1884
1886
1884
1883
1884
1884
1884
1884
1886
1888
1889
1890
1890
1892
1893
1894
1896
1896
1896
1896
1896
1896
1896
1896
1896
1896
1896
1896
1896
1894
1896
1896
1898
1899
1898
1898
1900
1900
1902
1900
1900
1898
1900
1898
1900
1900
1902
1902
1904
1902
1904
1904
1904
1904
1904
1905
1905
1905
1905
1906
1907
1906
1906
1906
1906
1908
1909
1908
1906
1906
1907
1909
1910
1912
1914
1915
1917
1917
1917
1917
1919
1917
1919
1919
1919
1917
1917
1917
1917
1917
1918
1919
1919
1919
1920
1922
1922
1924
1922
1922
1923
1923
1923
1924
1924
1926
1928
1928
1928
1928
1928
1928
1929
1928
1929
1929
1931
1931
1931
1932
1934
1935
1934
1932
1931
1932
1934
1932
1931
1931
1932
1931
1931
1931
1931
1931
1932
1932
1932
1932
1932
1931
1931
1931
1932
1932
1932
1932
1933
1934
1934
1934
1935
1937
1935
1934
1934
1934
1935
1935
1935
1936
1937
1939
1939
1939
1939
1939
1939
1939
1940
1939
1939
1939
1940
1940
1942
1943
1943
1945
1946
1948
1948
1948
1950
1951
1951
1953
1954
1955
1955
1955
1955
1957
1958
1957
1957
1957
1958
1960
1960
1962
1962
1962
1963
1964
1966
1964
1966
1966
1966
1967
1969
1970
1970
1970
1970
1970
1971
1971
1971
1970
1970
1971
1970
1971
1971
1971
1971
1972
1972
1972
1972
1974
1974
1974
1974
1974
1975
1975
1975
1976
1976
1978
1978
1978
1980
1980
1980
1981
1983
1983
1985
1987
1985
1987
1987
1987
1987
1988
1987
1987
1988
1988
1988
1989
1988
1989
1989
1991
1991
1991
1992
1994
1994
1996
1996
1998
1998
1998
1999
1999
1999
1999
2000
2001
2001
2001
2002
2004
2004
2006
2006
2008
2008
2008
2009
2011
2009
2009
2011
2013
2013
2013
2014
2016
2018
2018
2020
2020
2022
2024
2026
2024
2024
2026
2028
2028
2028
2029
2029
2031
2031
2031
2032
2032
2032
2032
2032
2032
2032
2032
2032
2033
2032
2032
2033
2033
2033
2033
2033
2033
2034
2035
2035
2035
2035
2035
2035
2036
2037
2036
2035
2035
2036
2036
2036
2036
2038
2040
2042
2042
2042
2042
2042
2043
2045
2046
2047
2047
2047
2047
2049
2050
2049
2047
2047
2047
2049
2049
2051
2049
2051
2052
2051
2052
2052
2054
2055
2056
2056
2058
2056
2058
2060
2058
2060
2060
2060
2060
2062
2064
2066
2068
2066
2068
2069
2071
2072
2071
2069
2068
2068
2068
2069
2071
2071
2071
2072
2072
2072
2073
2075
2073
2073
2075
2075
2077
2079
2081
2081
2081
2082
2084
2084
2084
2085
2087
2087
2089
2087
2089
2090
2089
2087
2087
2087
2087
2088
2088
2090
2091
2091
2093
2091
2093
2094
2094
2094
2094
2094
2094
2094
2094
2094
2094
2094
2094
2094
2094
2095
2096
2097
2098
2100
2098
2098
2098
2100
2100
2100
2100
2101
2102
2102
2102
2102
2102
2102
2102
2103
2103
2103
2103
2103
2104
2106
2108
2108
2108
2110
2112
2112
2112
2112
2112
2112
2112
2112
2112
2112
2113
2113
2115
2116
2116
2116
2115
2115
2115
2115
2117
2118
2117
2118
2119
2120
2120
2120
2122
2122
2122
2120
2120
2120
2120
2120
2120
2121
2122
2121
2122
2124
2126
2124
2122
2124
2126
2127
2126
2126
2128
2129
2130
2132
2134
2134
2134
2134
2134
2134
2134
2134
2134
2134
2135
2135
2137
2138
2138
2138
2139
2141
2141
2141
2142
2144
2144
2144
2145
2147
2148
2149
2149
2149
2149
2149
2149
2149
2151
2151
2151
2151
2153
2151
2153
2153
2153
2154
2153
2153
2154
2153
2153
2154
2153
2153
2153
2154
2156
2156
2156
2156
2158
2156
2156
2157
2159
2159
2159
2159
2161
2159
2161
2159
2161
2161
2163
2163
2165
2163
2165
2166
2167
2167
2167
2167
2167
2168
2168
2168
2168
2170
2168
2168
2168
2170
2170
2170
2170
2171
2171
2173
2173
2173
2173
2174
2175
2177
2177
2177
2177
2177
2177
2177
2178
2177
2178
2177
2177
2177
2177
2178
2177
2178
2178
2180
2178
2180
2181
2183
2183
2183
2183
2183
2183
2183
2183
2183
2183
2184
2183
2184
2185
2185
2185
2185
2186
2186
2188
2189
2191
2191
2191
2191
2191
2191
2191
2192
2193
2193
2195
2195
2195
2196
2196
2196
2198
2199
2199
2201
2202
2203
2202
2203
2203
2205
2207
2208
2209
2209
2211
2209
2209
2208
2207
2207
2207
2208
2207
2208
2210
2210
2210
2210
2211
2210
2211
2212
2214
2214
2216
2217
2216
2214
2214
2215
2217
2217
2219
2219
2219
2220
2220
2220
2221
2223
2224
2225
2226
2226
2226
2226
2228
2228
2230
2231
2232
2232
2232
2233
2235
2235
2237
2235
2237
2237
2239
2239
2239
2241
2242
2244
2244
2244
2244
2244
2244
2244
2245
2246
2245
2246
2246
2248
2248
2248
2249
2249
2251
2253
2254
2254
2256
2258
2256
2256
2258
2256
2258
2256
2256
2254
2254
2255
2255
2257
2259
2257
2257
2257
2258
2258
2258
2259
2258
2259
2259
2261
2261
2263
2261
2263
2261
2263
2263
2265
2267
2267
2269
2271
2273
2275
2275
2277
2277
2279
2279
2281
2281
2281
2282
2284
2285
2285
2287
2287
2287
2287
2288
2288
2288
2288
2288
2288
2288
2289
2289
2289
2289
2291
2291
2291
2292
2291
2291
2291
2291
2291
2291
2292
2293
2294
2294
2296
2296
2296
2297
2299
2299
2301
2301
2301
2301
2301
2302
2302
2304
2306
2304
2304
2306
2308
2309
2311
2311
2313
2314
2314
2316
2314
2314
2315
2317
2317
2319
2320
2320
2320
2321
2321
2321
2323
2323
2323
2324
2324
2324
2324
2326
2324
2326
2326
2328
2328
2330
2330
2332
2332
2334
2335
2335
2337
2337
2337
2335
2335
2336
2336
2336
2337
2336
2336
2336
2337
2337
2337
2338
2340
2342
2342
2342
2342
2342
2344
2342
2342
2342
2340
2342
2344
2342
2342
2344
2346
2344
2342
2344
2346
2348
2346
2344
2346
2344
2344
2344
2344
2345
2346
2346
2348
2346
2346
2348
2348
2348
2349
2349
2351
2351
2353
2353
2353
2354
2356
2358
2358
2358
2359
2358
2359
2361
2363
2365
2363
2365
2366
2368
2369
2369
2369
2369
2369
2370
2370
2372
2374
2376
2374
2374
2374
2375
2374
2375
2377
2375
2375
2377
2377
2379
2377
2377
2378
2380
2378
2378
2380
2382
2382
2384
2386
2388
2390
2390
2392
2392
2392
2392
2393
2394
2394
2394
2395
2397
2399
2399
2399
2399
2399
2400
2400
2400
2401
2403
2401
2403
2401
2400
2401
2403
2404
2406
2406
2406
2407
2409
2410
2410
2412
2410
2410
2409
2409
2411
2411
2413
2413
2413
2413
2415
2413
2413
2411
2413
2414
2414
2414
2414
2416
2417
2416
2417
2416
2416
2416
2417
2416
2417
2419
2417
2419
2419
2419
2420
2422
2423
2423
2425
2423
2425
2423
2423
2425
2426
2426
2426
2426
2426
2426
2428
2428
2430
2432
2432
2432
2432
2432
2433
2432
2432
2432
2432
2432
2433
2433
2433
2433
2434
2434
2436
2437
2437
2437
2437
2439
2441
2442
2442
2444
2445
2446
2445
2445
2447
2445
2445
2445
2445
2445
2445
2446
2447
2447
2447
2448
2447
2447
2447
2448
2450
2448
2448
2448
2448
2448
2449
2449
2451
2451
2451
2452
2452
2454
2456
2454
2454
2456
2456
2456
2456
2456
2457
2457
2459
2459
2461
2461
2461
2462
2463
2463
2463
2465
2463
2463
2465
2467
2465
2465
2465
2465
2465
2465
2465
2466
2466
2468
2468
2468
2469
2469
2469
2469
2470
2471
2473
2475
2475
2477
2475
2477
2477
2479
2480
2480
2480
2479
2479
2479
2479
2480
2479
2480
2481
2481
2481
2481
2483
2483
2483
2483
2485
2487
2487
2487
2485
2487
2487
2489
2490
2490
2492
2492
2494
2495
2495
2495
2496
2498
2496
2498
2500
2498
2500
2500
2500
2501
2501
2501
2501
2503
2505
2507
2505
2505
2505
2505
2507
2509
2511
2512
2512
2512
2513
2515
2517
2518
2518
2520
2520
2522
2524
2522
2520
2520
2520
2520
2521
2521
2523
2525
2527
2527
2529
2529
2531
2532
2532
2534
2535
2537
2538
2539
2538
2538
2540
2540
2542
2543
2543
2545
2546
2547
2547
2547
2547
2547
2546
2547
2549
2547
2546
2546
2546
2547
2549
2549
2551
2552
2551
2551
2551
2551
2551
2551
2552
2552
2554
2555
2555
2555
2555
2556
2557
2557
2557
2557
2558
2559
2558
2558
2560
2560
2562
2563
2563
2563
2564
2563
2563
2563
2564
2566
2568
2570
2572
2573
2573
2573
2574
2574
2574
2573
2574
2576
2574
2574
2574
2574
2574
2575
2576
2577
2576
2576
2578
2576
2578
2576
2578
2578
2580
2580
2580
2580
2580
2580
2581
2581
2583
2584
2584
2584
2585
2585
2587
2589
2590
2591
2591
2593
2595
2595
2595
2595
2595
2595
2595
2595
2595
2595
2595
2595
2595
2595
2596
2597
2597
2599
2600
2601
2602
2603
2604
2605
2605
2605
2605
2607
2607
2607
2608
2608
2608
2609
2609
2609
2611
2611
2613
2615
2615
2615
2615
2615
2616
2617
2619
2619
2621
2621
2621
2622
2624
2624
2624
2624
2624
2624
2625
2625
2625
2625
2626
2625
2625
2625
2625
2625
2625
2625
2625
2626
2626
2626
2625
2626
2626
2628
2629
2629
2631
2629
2631
2632
2633
2634
2634
2634
2634
2634
2635
2637
2639
2640
2641
2642
2641
2641
2641
2641
2641
2641
2643
2644
2644
2646
2644
2644
2646
2648
2650
2648
2646
2644
2644
2646
2648
2650
2652
2653
2652
2650
2650
2650
2648
2650
2652
2653
2652
2650
2652
2650
2650
2652
2650
2652
2650
2652
2654
2655
2656
2655
2654
2655
2655
2657
2658
2657
2657
2657
2657
2659
2659
2659
2659
2659
2660
2660
2662
2660
2660
2661
2661
2661
2661
2662
2661
2662
2663
2665
2665
2667
2667
2667
2668
2668
2668
2669
2668
2668
2668
2668
2668
2668
2668
2668
2668
2668
2668
2669
2669
2669
2670
2669
2670
2671
2670
2671
2672
2672
2674
2675
2677
2679
2679
2681
2681
2681
2682
2681
2682
2684
2685
2685
2685
2686
2686
2686
2686
2687
2686
2686
2686
2686
2686
2686
2687
2687
2687
2687
2689
2690
2691
2691
2691
2692
2692
2694
2692
2694
2695
2696
2695
2695
2697
2697
2697
2697
2697
2697
2698
2698
2698
2698
2699
2699
2699
2699
2699
2699
2699
2700
2700
2700
2700
2700
2700
2700
2701
2700
2700
2701
2702
2702
2704
2704
2704
2704
2704
2705
2705
2705
2706
2706
2706
2706
2706
2707
2707
2707
2707
2707
2708
2707
2708
2710
2708
2710
2710
2710
2711
2713
2713
2713
2715
2715
2717
2719
2717
2719
2721
2723
2723
2725
2725
2727
2725
2725
2726
2725
2726
2726
2726
2727
2729
2731
2732
2732
2732
2733
2733
2733
2734
2736
2738
2739
2739
2741
2743
2743
2743
2743
2744
2744
2746
2746
2746
2746
2746
2747
2747
2749
2747
2747
2748
2748
2748
2748
2749
2748
2748
2748
2748
2748
2748
2748
2748
2748
2749
2749
2749
2749
2751
2749
2751
2752
2753
2753
2755
2756
2755
2756
2755
2756
2757
2757
2757
2757
2759
2759
2759
2759
2760
2761
2763
2761
2763
2763
2763
2764
2764
2766
2766
2766
2767
2767
2767
2768
2770
2772
2774
2774
2774
2774
2774
2774
2774
2774
2775
2774
2774
2774
2774
2774
2775
2775
2775
2774
2774
2774
2775
2775
2775
2775
2777
2777
2777
2777
2779
2777
2777
2778
2778
2778
2779
2781
2782
2782
2782
2782
2782
2782
2782
2782
2782
2782
2782
2782
2783
2783
2783
2783
2783
2783
2784
2784
2784
2784
2784
2784
2785
2786
2786
2786
2787
2789
2789
2789
2789
2789
2790
2790
2792
2792
2794
2794
2796
2797
2797
2797
2797
2797
2798
2800
2798
2798
2800
2802
2802
2804
2804
2804
2802
2802
2802
2802
2802
2802
2802
2802
2803
2803
2803
2804
2804
2806
2804
2806
2808
2808
2808
2809
2809
2811
2811
2813
2815
2813
2813
2813
2814
2816
2814
2813
2814
2816
2818
2816
2818
2820
2821
2822
2822
2822
2822
2822
2822
2822
2822
2823
2824
2826
2826
2826
2824
2826
2824
2823
2822
2823
2822
2823
2822
2822
2822
2822
2822
2822
2822
2823
2824
2824
2824
2824
2824
2825
2825
2825
2825
2825
2825
2825
2825
2826
2827
2827
2829
2830
2829
2829
2831
2832
2832
2832
2833
2833
2833
2832
2832
2832
2833
2832
2833
2832
2833
2833
2833
2833
2833
2834
2834
2836
2836
2836
2837
2839
2839
2839
2839
2839
2839
2839
2840
2840
2840
2839
2839
2840
2840
2840
2841
2843
2844
2846
2846
2846
2847
2849
2851
2852
2852
2852
2852
2854
2855
2857
2857
2857
2857
2857
2857
2857
2857
2857
2858
2860
2862
2860
2858
2858
2858
2860
2862
2863
2863
2863
2864
2864
2864
2865
2865
2865
2866
2866
2866
2866
2868
2866
2868
2866
2868
2868
2868
2868
2868
2869
2869
2869
2869
2871
2873
2875
2877
2877
2879
2880
2879
2879
2881
2882
2883
2885
2887
2887
2889
2889
2891
2891
2891
2892
2892
2892
2893
2895
2895
2895
2896
2895
2896
2898
2898
2900
2901
2902
2904
2904
2904
2905
2907
2907
2909
2910
2910
2912
2913
2913
2915
2916
2917
2916
2916
2916
2916
2916
2916
2916
2916
2916
2917
2918
2918
2918
2918
2920
2918
2920
2920
2922
2923
2923
2925
2923
2923
2923
2924
2925
2927
2925
2925
2925
2925
2927
2929
2931
2929
2927
2925
2927
2929
2929
2929
2930
2929
2929
2931
2933
2933
2935
2935
2935
2936
2938
2939
2940
2940
2940
2940
2940
2940
2940
2940
2940
2941
2940
2941
2942
2942
2944
2944
2946
2946
2948
2948
2950
2948
2950
2950
2950
2951
2951
2953
2955
2955
2957
2958
2959
2960
2959
2958
2957
2958
2958
2958
2959
2961
2962
2961
2962
2963
2963
2963
2963
2964
2964
2964
2963
2964
2965
2967
2967
2969
2967
2967
2967
2969
2967
2967
2968
2970
2972
2972
2972
2972
2972
2973
2975
2975
2975
2975
2976
2976
2978
2976
2976
2977
2977
2977
2977
2977
2977
2978
2979
2980
2979
2980
2981
2983
2983
2983
2983
2984
2985
2985
2987
2987
2987
2988
2988
2988
2987
2988
2990
2990
2992
2992
2992
2992
2992
2993
2993
2995
2993
2995
2997
2997
2997
2997
2997
2997
2997
2998
2999
2999
2999
3000
2999
2999
3001
3002
3004
3002
3004
3006
3006
3006
3007
3006
3006
3007
3008
3007
3007
3007
3008
3008
3008
3009
3011
3013
3013
3015
3016
3016
3016
3016
3018
3020
3018
3018
3018
3018
3019
3018
3018
3019
3018
3019
3019
3019
3019
3019
3020
3020
3022
3022
3022
3022
3024
3024
3024
3024
3026
3026
3028
3028
3028
3030
3031
3031
3033
3033
3035
3033
3035
3035
3035
3036
3038
3038
3040
3041
3040
3038
3038
3039
3038
3036
3036
3036
3035
3036
3038
3038
3040
3041
3041
3041
3041
3041
3041
3042
3042
3044
3044
3044
3044
3044
3045
3046
3046
3048
3049
3048
3048
3048
3048
3050
3050
3052
3053
3052
3053
3055
3056
3056
3058
3060
3060
3060
3060
3061
3061
3061
3062
3064
3062
3061
3062
3061
3061
3061
3062
3061
3061
3061
3061
3061
3062
3063
3063
3063
3063
3063
3063
3063
3063
3063
3063
3063
3064
3064
3064
3065
3065
3065
3065
3065
3065
3066
3067
3069
3071
3071
3073
3073
3073
3073
3073
3074
3074
3076
3074
3074
3075
3075
3077
3077
3077
3078
3078
3078
3080
3080
3080
3081
3083
3081
3083
3081
3081
3083
3083
3085
3087
3088
3089
3090
3091
3093
3094
3094
3094
3094
3094
3094
3094
3094
3094
3094
3094
3095
3095
3095
3096
3097
3098
3097
3096
3097
3097
3097
3097
3098
3098
3098
3098
3098
3098
3098
3099
3100
3101
3100
3101
3103
3104
3104
3104
3105
3107
3107
3109
3111
3112
3111
3112
3112
3114
3112
3114
3114
3116
3117
3117
3119
3119
3121
3123
3123
3125
3127
3127
3127
3127
3127
3127
3127
3128
3128
3128
3128
3128
3127
3127
3127
3128
3129
3130
3130
3132
3132
3132
3133
3133
3133
3133
3133
3134
3136
3136
3138
3139
3139
3141
3143
3145
3145
3147
3149
3149
3149
3150
3150
3152
3154
3152
3154
3156
3157
3159
3161
3161
3161
3161
3161
3161
3161
3161
3161
3162
3162
3164
3162
3164
3164
3164
3164
3164
3165
3166
3167
3168
3168
3168
3169
3171
3173
3171
3173
3173
3173
3173
3173
3173
3174
3175
3175
3175
3177
3178
3178
3178
3179
3178
3178
3178
3178
3178
3179
3180
3181
3182
3181
3180
3180
3180
3180
3180
3180
3181
3182
3183
3183
3183
3183
3185
3183
3185
3183
3185
3186
3186
3186
3186
3186
3188
3186
3186
3186
3186
3186
3186
3187
3187
3189
3187
3187
3186
3186
3186
3186
3186
3187
3188
3187
3186
3186
3187
3188
3189
3191
3193
3194
3194
3194
3194
3194
3194
3194
3194
3194
3195
3194
3195
3194
3194
3195
3194
3194
3194
3194
3195
3196
3196
3198
3199
3198
3198
3198
3198
3199
3199
3201
3201
3201
3199
3199
3199
3199
3200
3200
3202
3203
3203
3205
3205
3207
3208
3208
3208
3208
3210
3212
3213
3213
3213
3215
3215
3215
3216
3215
3215
3215
3216
3217
3218
3220
3220
3220
3221
3221
3223
3225
3225
3225
3226
3226
3226
3227
3229
3230
3229
3229
3231
3232
3231
3229
3229
3230
3230
3230
3231
3231
3233
3235
3237
3238
3240
3240
3242
3242
3244
3245
3246
3247
3247
3249
3250
3252
3252
3254
3255
3255
3257
3258
3259
3261
3259
3261
3261
3263
3265
3267
3268
3270
3270
3272
3273
3272
3273
3273
3275
3275
3275
3273
3273
3274
3276
3276
3276
3276
3276
3276
3276
3276
3276
3276
3276
3277
3277
3277
3277
3279
3280
3280
3280
3280
3280
3281
3281
3281
3281
3283
3281
3283
3281
3283
3285
3286
3288
3290
3290
3292
3292
3294
3294
3296
3297
3297
3297
3297
3297
3297
3298
3298
3298
3298
3298
3298
3299
3300
3301
3301
3303
3304
3303
3303
3303
3303
3304
3305
3305
3305
3307
3307
3307
3308
3308
3308
3309
3308
3308
3308
3308
3308
3309
3310
3311
3310
3311
3312
3311
3311
3313
3314
3314
3314
3314
3314
3315
3317
3318
3318
3318
3317
3317
3317
3317
3317
3317
3317
3317
3317
3317
3318
3318
3318
3319
3321
3321
3321
3322
3323
3322
3323
3322
3321
3319
3321
3321
3323
3321
3321
3321
3323
3323
3323
3323
3323
3323
3323
3323
3323
3323
3324
3325
3327
3325
3325
3327
3329
3329
3331
3332
3331
3331
3331
3331
3331
3331
3331
3332
3333
3334
3336
3334
3336
3337
3338
3339
3340
3341
3340
3341
3340
3341
3342
3343
3345
3346
3348
3348
3348
3349
3349
3349
3349
3349
3349
3349
3349
3350
3349
3349
3350
3350
3352
3353
3353
3353
3353
3353
3354
3354
3354
3354
3354
3354
3354
3355
3357
3358
3357
3355
3355
3355
3356
3358
3356
3358
3360
3358
3360
3361
3360
3358
3360
3358
3356
3356
3358
3360
3362
3363
3363
3365
3365
3365
3365
3365
3366
3366
3366
3367
3366
3367
3367
3369
3370
3370
3370
3370
3372
3374
3375
3375
3375
3375
3377
3379
3379
3379
3379
3380
3381
3380
3381
3381
3381
3381
3383
3385
3386
3388
3390
3388
3388
3390
3388
3388
3388
3388
3389
3390
3391
3393
3393
3393
3393
3395
3393
3393
3393
3393
3393
3393
3395
3393
3395
3395
3397
3399
3400
3400
3402
3400
3400
3401
3403
3405
3405
3405
3406
3405
3405
3407
3408
3408
3410
3412
3413
3413
3413
3413
3413
3412
3410
3410
3410
3411
3413
3415
3416
3416
3418
3416
3416
3416
3416
3417
3419
3419
3421
3421
3421
3421
3422
3423
3425
3425
3425
3425
3427
3427
3427
3427
3428
3427
3428
3427
3427
3428
3428
3428
3429
3431
3431
3431
3431
3431
3432
3431
3432
3432
3434
3434
3434
3434
3434
3435
3434
3435
3435
3435
3435
3435
3435
3435
3436
3435
3436
3437
3438
3438
3438
3438
3438
3438
3438
3438
3439
3439
3441
3441
3443
3443
3445
3445
3447
3447
3447
3448
3448
3448
3449
3449
3449
3450
3450
3452
3452
3454
3454
3454
3456
3456
3456
3456
3457
3456
3457
3457
3457
3458
3458
3458
3458
3459
3459
3459
3460
3462
3460
3459
3459
3461
3459
3461
3461
3463
3463
3463
3463
3463
3464
3463
3463
3463
3463
3463
3463
3464
3465
3466
3467
3469
3467
3467
3469
3469
3469
3469
3470
3471
3471
3473
3473
3473
3473
3473
3473
3474
3475
3475
3475
3476
3478
3476
3478
3478
3478
3479
3478
3479
3479
3479
3480
3482
3484
3486
3488
3490
3490
3490
3491
3491
3493
3493
3493
3493
3493
3493
3493
3493
3494
3493
3493
3494
3494
3494
3495
3495
3497
3495
3495
3496
3498
3496
3498
3496
3495
3496
3496
3498
3500
3500
3502
3503
3504
3503
3504
3505
3507
3505
3507
3507
3507
3508
3510
3512
3512
3512
3512
3512
3512
3512
3513
3514
3514
3516
3517
3519
3520
3522
3524
3524
3524
3525
3527
3527
3527
3525
3527
3527
3527
3529
3531
3532
3532
3534
3534
3534
3534
3534
3534
3534
3534
3534
3534
3534
3534
3534
3535
3535
3535
3535
3535
3535
3536
3536
3536
3537
3536
3536
3538
3539
3538
3538
3540
3538
3538
3539
3539
3539
3540
3540
3540
3541
3541
3541
3542
3544
3544
3544
3544
3546
3546
3548
3550
3550
3552
3552
3552
3552
3554
3554
3554
3556
3556
3556
3556
3556
3556
3557
3556
3556
3556
3557
3556
3556
3556
3557
3557
3557
3557
3557
3558
3560
3562
3562
3562
3562
3564
3565
3565
3567
3565
3565
3565
3565
3565
3565
3564
3564
3564
3565
3565
3565
3566
3566
3568
3570
3570
3572
3572
3572
3573
3572
3573
3573
3573
3573
3574
3575
3577
3577
3577
3578
3580
3580
3582
3582
3582
3582
3584
3586
3586
3586
3586
3588
3590
3591
3592
3593
3595
3596
3597
3597
3599
3599
3599
3599
3599
3599
3599
3599
3599
3599
3599
3599
3600
3601
3601
3603
3603
3603
3603
3604
3605
3607
3608
3608
3608
3608
3608
3608
3608
3609
3608
3608
3608
3609
3609
3611
3612
3612
3612
3612
3612
3611
3612
3612
3612
3612
3613
3613
3613
3614
3613
3613
3614
3615
3615
3615
3614
3614
3614
3615
3615
3617
3617
3617
3617
3617
3619
3617
3615
3615
3616
3618
3616
3618
3620
3620
3620
3621
3623
3624
3626
3626
3628
3626
3626
3626
3627
3627
3629
3629
3631
3631
3631
3631
3631
3632
3634
3635
3637
3637
3639
3640
3642
3643
3645
3643
3645
3645
3645
3645
3645
3646
3646
3646
3646
3646
3646
3646
3646
3646
3646
3648
3649
3650
3649
3648
3648
3648
3649
3650
3650
3652
3652
3652
3652
3652
3652
3652
3652
3653
3652
3652
3652
3652
3652
3652
3652
3652
3652
3653
3653
3653
3653
3653
3654
3654
3656
3654
3656
3658
3656
3658
3656
3658
3659
3659
3661
3661
3661
3661
3662
3661
3661
3661
3662
3661
3662
3663
3662
3661
3661
3661
3662
3661
3661
3662
3662
3662
3663
3663
3665
3666
3667
3668
3669
3669
3669
3669
3669
3669
3670
3670
3670
3670
3670
3670
3671
3671
3671
3672
3674
3674
3674
3674
3675
3675
3675
3675
3677
3678
3680
3678
3680
3680
3680
3680
3680
3680
3682
3683
3685
3685
3687
3685
3687
3685
3687
3687
3687
3688
3690
3690
3690
3690
3690
3690
3692
3692
3692
3692
3693
3692
3692
3692
3694
3694
3696
3696
3696
3697
3699
3700
3700
3700
3700
3700
3702
3702
3702
3702
3704
3704
3706
3706
3706
3707
3709
3710
3709
3710
3710
3712
3713
3714
3713
3714
3715
3715
3717
3717
3719
3719
3719
3720
3722
3724
3722
3722
3724
3724
3726
3728
3726
3728
3728
3730
3732
3732
3732
3732
3732
3733
3733
3733
3733
3733
3734
3736
3736
3738
3736
3738
3736
3738
3740
3740
3742
3742
3744
3744
3744
3744
3744
3744
3744
3744
3745
3745
3745
3745
3745
3746
3746
3746
3746
3746
3746
3746
3746
3746
3746
3746
3747
3746
3746
3747
3747
3749
3747
3747
3748
3750
3750
3750
3751
3753
3754
3755
3756
3758
3758
3758
3758
3758
3759
3761
3759
3759
3759
3759
3761
3761
3763
3763
3765
3765
3765
3766
3766
3766
3766
3766
3767
3767
3769
3770
3770
3770
3770
3770
3770
3772
3773
3775
3773
3775
3775
3777
3779
3777
3777
3779
3777
3777
3777
3777
3777
3778
3778
3780
3781
3782
3782
3782
3783
3782
3783
3783
3783
3783
3783
3783
3783
3784
3786
3786
3788
3790
3790
3792
3792
3792
3792
3792
3792
3792
3792
3792
3793
3792
3793
3794
3794
3796
3797
3797
3799
3799
3801
3802
3801
3799
3801
3802
3801
3802
3803
3803
3803
3804
3806
3808
3808
3810
3811
3811
3813
3811
3811
3810
3811
3811
3811
3811
3811
3812
3813
3813
3813
3813
3813
3813
3813
3813
3814
3813
3814
3815
3814
3813
3814
3814
3816
3817
3819
3820
3822
3822
3824
3826
3826
3828
3828
3828
3828
3828
3828
3828
3826
3826
3826
3828
3828
3830
3832
3832
3832
3832
3833
3832
3832
3833
3832
3832
3832
3833
3834
3834
3834
3835
3835
3837
3837
3837
3837
3837
3837
3837
3838
3840
3842
3843
3842
3843
3843
3845
3843
3843
3844
3843
3844
3844
3844
3845
3845
3847
3847
3849
3849
3851
3853
3855
3855
3855
3856
3858
3860
3860
3860
3860
3860
3860
3860
3861
3860
3860
3861
3862
3864
3862
3861
3862
3862
3862
3863
3863
3865
3863
3865
3865
3865
3865
3865
3866
3866
3866
3867
3869
3867
3869
3867
3869
3871
3871
3871
3869
3871
3873
3873
3875
3873
3873
3875
3873
3873
3873
3875
3877
3875
3875
3877
3877
3877
3877
3878
3877
3878
3878
3880
3881
3881
3881
3881
3881
3881
3881
3881
3883
3885
3885
3885
3886
3888
3890
3890
3890
3890
3890
3890
3890
3890
3890
3890
3891
3891
3893
3893
3893
3894
3893
3894
3895
3895
3895
3895
3895
3895
3895
3895
3895
3896
3896
3896
3897
3899
3899
3899
3899
3899
3899
3899
3899
3900
3899
3900
3900
3900
3901
3900
3901
3901
3901
3901
3901
3902
3901
3902
3901
3902
3901
3901
3901
3901
3903
3903
3905
3903
3903
3903
3903
3904
3904
3904
3904
3904
3904
3904
3904
3904
3905
3905
3907
3905
3905
3906
3908
3908
3910
3910
3912
3912
3912
3913
3912
3912
3912
3912
3912
3912
3912
3912
3912
3912
3912
3912
3913
3914
3914
3914
3914
3916
3914
3916
3914
3914
3914
3916
3914
3916
3914
3916
3916
3918
3918
3920
3921
3922
3924
3926
3926
3926
3927
3927
3927
3926
3926
3927
3928
3928
3928
3928
3928
3928
3929
3930
3932
3932
3934
3936
3936
3938
3938
3938
3938
3940
3941
3941
3943
3943
3945
3945
3945
3945
3945
3945
3945
3945
3945
3946
3945
3945
3945
3945
3945
3945
3945
3945
3945
3946
3947
3948
3948
3948
3948
3948
3948
3948
3948
3948
3949
3948
3948
3948
3949
3950
3951
3952
3952
3952
3952
3953
3954
3954
3956
3956
3958
3958
3958
3958
3959
3960
3962
3964
3962
3964
3965
3966
3966
3966
3967
3967
3967
3967
3967
3967
3968
3967
3967
3967
3967
3967
3967
3967
3968
3968
3968
3969
3968
3968
3969
3968
3968
3968
3968
3969
3969
3971
3972
3971
3972
3972
3972
3973
3975
3975
3975
3975
3976
3976
3976
3975
3976
3976
3976
3976
3976
3976
3976
3977
3977
3979
3981
3982
3981
3982
3982
3984
3982
3982
3982
3983
3984
3983
3984
3984
3984
3986
3988
3989
3990
3991
3992
3992
3994
3994
3996
3997
3997
3997
3997
3997
3998
3998
4000
4000
4000
4001
4003
4001
4000
4001
4003
4001
4003
4004
4005
4005
4007
4005
4005
4007
4007
4007
4007
4009
4007
4009
4011
4011
4011
4009
4011
4011
4011
4011
4011
4011
4011
4011
4012
4011
4011
4011
4011
4011
4011
4012
4012
4014
4015
4015
4017
4017
4017
4018
4017
4018
4018
4020
4022
4023
4022
4023
4023
4025
4023
4023
4024
4023
4024
4025
4025
4027
4029
4027
4029
4029
4029
4027
4029
4031
4029
4029
4029
4031
4029
4027
4029
4029
4029
4029
4029
4029
4029
4029
4029
4029
4031
4033
4034
4033
4031
4031
4033
4033
4035
4033
4035
4033
4033
4035
4035
4037
4038
4037
4038
4037
4038
4039
4040
4041
4041
4041
4041
4041
4042
4041
4042
4042
4042
4042
4042
4042
4042
4042
4042
4042
4042
4042
4042
4042
4042
4042
4042
4043
4043
4043
4044
4044
4046
4044
4044
4044
4044
4045
4044
4044
4044
4044
4045
4045
4045
4045
4045
4046
4046
4048
4050
4050
4052
4052
4052
4050
4052
4053
4054
4055
4057
4057
4057
4057
4057
4057
4058
4057
4058
4057
4057
4057
4057
4057
4058
4057
4058
4058
4060
4058
4058
4058
4060
4061
4060
4061
4063
4063
4063
4063
4064
4064
4064
4064
4066
4066
4068
4069
4068
4068
4068
4068
4069
4068
4068
4069
4068
4068
4069
4069
4071
4072
4073
4072
4073
4074
4073
4073
4073
4073
4073
4074
4074
4076
4076
4078
4078
4080
4078
4080
4082
4082
4082
4083
4083
4085
4083
4083
4083
4083
4083
4083
4084
4086
4086
4086
4084
4086
4088
4089
4091
4091
4091
4092
4091
4092
4092
4094
4096
4098
4098
4098
4098
4098
4098
4098
4098
4098
4098
4098
4098
4098
4098
4098
4099
4099
4099
4098
4098
4099
4098
4099
4100
4101
4101
4101
4102
4103
4103
4103
4103
4103
4103
4105
4105
4105
4106
4106
4106
4106
4106
4106
4106
4106
4106
4107
4107
4107
4107
4107
4107
4107
4107
4107
4106
4106
4106
4107
4108
4107
4106
4107
4108
4107
4107
4107
4108
4110
4110
4112
4113
4113
4115
4116
4116
4116
4117
4117
4119
4117
4117
4117
4117
4118
4120
4120
4120
4120
4120
4121
4121
4121
4122
4122
4122
4123
4123
4123
4123
4123
4123
4123
4123
4124
4124
4124
4124
4124
4125
4124
4124
4125
4126
4126
4128
4126
4126
4127
4127
4129
4129
4129
4130
4130
4130
4130
4132
4130
4130
4131
4133
4133
4133
4133
4135
4137
4137
4139
4139
4139
4141
4141
4141
4141
4142
4141
4142
4143
4143
4143
4145
4143
4142
4143
4143
4143
4143
4143
4145
4145
4147
4149
4149
4149
4149
4149
4149
4150
4150
4150
4150
4151
4151
4151
4152
4152
4154
4154
4154
4155
4155
4155
4155
4157
4157
4157
4158
4158
4158
4158
4158
4158
4158
4158
4158
4159
4158
4158
4158
4158
4158
4159
4160
4160
4162
4160
4160
4160
4160
4160
4161
4161
4161
4162
4164
4164
4164
4165
4167
4167
4167
4168
4167
4168
4168
4168
4169
4171
4169
4171
4169
4169
4169
4169
4170
4170
4170
4170
4170
4170
4170
4170
4171
4171
4171
4171
4173
4174
4176
4176
4178
4179
4179
4179
4179
4179
4180
4179
4179
4181
4179
4179
4181
4179
4181
4183
4184
4184
4184
4185
4187
4187
4187
4187
4189
4189
4189
4189
4191
4192
4193
4194
4193
4192
4191
4192
4193
4192
4193
4193
4195
4196
4196
4198
4199
4199
4199
4199
4201
4201
4203
4203
4203
4204
4204
4204
4204
4205
4205
4205
4205
4205
4205
4207
4207
4207
4207
4207
4207
4207
4207
4207
4207
4207
4207
4207
4208
4208
4210
4208
4208
4208
4208
4208
4209
4208
4208
4208
4208
4208
4208
4209
4209
4211
4211
4211
4211
4212
4211
4211
4212
4211
4212
4213
4214
4216
4218
4218
4220
4220
4220
4220
4221
4222
4224
4222
4221
4220
4220
4220
4221
4222
4222
4224
4224
4226
4228
4228
4228
4228
4228
4228
4229
4230
4230
4230
4230
4230
4230
4231
4232
4233
4232
4232
4232
4232
4232
4232
4234
4234
4236
4234
4234
4234
4234
4235
4237
4238
4238
4238
4238
4238
4238
4238
4239
4239
4239
4240
4239
4239
4239
4240
4241
4243
4243
4243
4244
4244
4246
4246
4246
4246
4246
4246
4246
4246
4246
4247
4248
4247
4248
4247
4248
4249
4250
4250
4252
4252
4252
4250
4252
4252
4252
4252
4254
4254
4254
4254
4255
4254
4255
4256
4255
4256
4255
4255
4255
4255
4257
4255
4255
4254
4254
4254
4254
4254
4254
4254
4254
4255
4255
4255
4254
4254
4255
4256
4256
4258
4256
4258
4258
4258
4259
4259
4261
4262
4261
4261
4263
4264
4264
4266
4266
4268
4269
4270
4269
4268
4266
4266
4267
4269
4270
4269
4270
4271
4270
4269
4267
4269
4267
4267
4269
4269
4269
4271
4269
4269
4271
4273
4273
4273
4273
4275
4273
4273
4274
4274
4274
4274
4274
4275
4277
4277
4279
4279
4279
4279
4279
4279
4280
4280
4280
4280
4281
4281
4281
4281
4281
4282
4283
4284
4284
4284
4285
4287
4289
4289
4289
4289
4289
4290
4290
4292
4292
4292
4293
4293
4293
4293
4293
4294
4294
4296
4298
4298
4298
4300
4302
4302
4304
4302
4304
4302
4302
4302
4302
4303
4302
4302
4304
4305
4307
4305
4305
4305
4305
4305
4306
4306
4306
4306
4306
4306
4306
4306
4307
4308
4309
4309
4309
4309
4311
4309
4311
4309
4311
4311
4311
4311
4312
4312
4312
4312
4314
4312
4314
4315
4317
4318
4320
4318
4317
4318
4318
4320
4318
4320
4318
4320
4320
4320
4320
4320
4320
4322
4322
4322
4322
4322
4322
4322
4322
4323
4324
4324
4324
4324
4326
4328
4328
4330
4332
4330
4330
4332
4332
4334
4336
4336
4336
4336
4336
4336
4338
4336
4338
4338
4340
4340
4340
4341
4341
4341
4341
4343
4343
4343
4344
4344
4346
4346
4346
4347
4349
4351
4351
4351
4351
4351
4351
4352
4353
4353
4355
4355
4355
4355
4356
4357
4357
4357
4359
4360
4360
4362
4363
4362
4363
4363
4365
4367
4369
4371
4371
4373
4373
4373
4373
4373
4371
4373
4375
4375
4375
4375
4375
4376
4377
4376
4376
4378
4379
4380
4382
4380
4380
4382
4380
4380
4380
4380
4381
4381
4383
4381
4383
4383
4385
4385
4385
4387
4385
4387
4387
4387
4389
4391
4391
4391
4389
4389
4389
4389
4389
4389
4391
4389
4389
4389
4391
4391
4393
4391
4393
4393
4395
4395
4395
4395
4397
4397
4399
4401
4402
4402
4404
4404
4404
4404
4404
4404
4405
4404
4404
4404
4404
4405
4406
4406
4406
4407
4406
4406
4408
4408
4408
4408
4410
4408
4408
4409
4409
4411
4411
4411
4411
4411
4411
4411
4412
4413
4413
4413
4413
4414
4414
4414
4415
4417
4415
4415
4415
4415
4415
4415
4415
4415
4416
4416
4416
4417
4419
4419
4421
4422
4423
4424
4424
4424
4426
4428
4429
4431
4432
4432
4432
4432
4432
4433
4433
4433
4434
4435
4437
4437
4439
4439
4439
4439
4439
4439
4439
4440
4440
4440
4440
4440
4440
4440
4440
4440
4439
4440
4440
4440
4441
4443
4443
4445
4447
4447
4449
4450
4451
4453
4455
4456
4456
4458
4460
4458
4460
4458
4458
4460
4460
4462
4462
4462
4462
4462
4462
4464
4466
4464
4464
4464
4464
4464
4466
4466
4466
4466
4467
4467
4469
4470
4472
4470
4470
4472
4472
4472
4474
4475
4475
4475
4476
4475
4475
4475
4475
4475
4476
4478
4478
4480
4478
4480
4480
4482
4484
4485
4486
4486
4486
4486
4486
4486
4487
4486
4487
4487
4489
4490
4490
4490
4492
4493
4495
4497
4497
4499
4499
4501
4499
4501
4501
4501
4501
4503
4504
4506
4506
4506
4504
4506
4506
4508
4506
4508
4509
4508
4508
4508
4509
4510
4512
4512
4512
4513
4513
4515
4515
4515
4516
4518
4520
4521
4521
4521
4521
4521
4521
4522
4521
4521
4521
4521
4521
4521
4521
4521
4522
4521
4521
4521
4521
4521
4521
4521
4522
4522
4522
4522
4523
4522
4522
4522
4523
4522
4522
4522
4523
4523
4523
4524
4524
4524
4524
4524
4525
4524
4524
4525
4526
4525
4525
4527
4528
4528
4530
4528
4528
4529
4529
4529
4529
4531
4529
4529
4531
4531
4533
4535
4533
4531
4533
4533
4533
4533
4534
4534
4536
4534
4536
4537
4539
4539
4541
4539
4539
4539
4540
4540
4540
4540
4542
4543
4543
4545
4545
4547
4547
4547
4545
4547
4547
4549
4549
4549
4547
4547
4547
4547
4547
4547
4547
4547
4547
4547
4547
4547
4547
4547
4548
4549
4549
4549
4550
4549
4550
4550
4550
4550
4550
4551
4550
4551
4552
4553
4553
4553
4553
4555
4557
4557
4559
4561
4562
4562
4562
4563
4565
4566
4566
4566
4566
4566
4566
4566
4567
4567
4569
4567
4567
4566
4567
4567
4567
4567
4567
4568
4567
4568
4567
4567
4567
4567
4567
4567
4567
4567
4567
4568
4568
4568
4568
4570
4568
4568
4568
4568
4568
4568
4569
4570
4570
4570
4571
4573
4573
4575
4576
4575
4575
4575
4575
4575
4576
4575
4575
4576
4575
4575
4575
4576
4575
4575
4576
4576
4576
4577
4577
4579
4581
4582
4582
4582
4582
4582
4583
4584
4583
4582
4583
4584
4585
4584
4584
4584
4584
4586
4586
4586
4586
4586
4587
4586
4586
4586
4587
4587
4589
4591
4591
4591
4591
4591
4591
4591
4591
4592
4593
4595
4596
4596
4598
4600
4600
4600
4601
4601
4601
4603
4604
4603
4601
4601
4603
4605
4606
4607
4607
4607
4607
4607
4607
4607
4607
4607
4607
4608
4607
4607
4607
4608
4609
4609
4611
4609
4611
4612
4612
4612
4613
4615
4615
4617
4618
4617
4618
4617
4617
4619
4619
4619
4617
4617
4618
4620
4621
4623
4623
4625
4626
4628
4629
4630
4630
4630
4630
4632
4632
4632
4633
4633
4633
4634
4634
4634
4635
4635
4637
4635
4635
4635
4636
4636
4636
4637
4639
4640
4639
4637
4637
4637
4637
4637
4638
4639
4638
4638
4638
4637
4637
4637
4638
4639
4639
4641
4641
4643
4643
4643
4643
4645
4645
4647
4648
4648
4648
4649
4649
4649
4651
4649
4649
4649
4651
4652
4652
4652
4652
4652
4653
4655
4653
4655
4657
4658
4660
4662
4660
4658
4660
4662
4660
4662
4662
4662
4662
4663
4664
4663
4662
4663
4662
4662
4662
4662
4663
4664
4663
4663
4663
4663
4665
4666
4666
4666
4666
4668
4668
4670
4671
4670
4671
4671
4673
4674
4675
4677
4675
4675
4677
4679
4679
4681
4683
4685
4686
4687
4687
4689
4687
4689
4689
4689
4690
4689
4690
4692
4693
4693
4695
4696
4696
4696
4697
4699
4699
4701
4701
4701
4702
4704
4702
4702
4702
4702
4704
4704
4704
4702
4704
4704
4706
4706
4708
4706
4708
4706
4706
4706
4707
4708
4708
4708
4709
4708
4708
4709
4710
4710
4710
4709
4709
4709
4710
4709
4710
4712
4712
4712
4713
4715
4715
4715
4715
4716
4716
4718
4718
4720
4721
4723
4725
4727
4727
4727
4727
4729
4730
4729
4729
4731
4729
4731
4732
4731
4729
4729
4729
4729
4729
4730
4731
4730
4731
4731
4731
4731
4731
4732
4732
4732
4732
4734
4735
4736
4736
4738
4736
4738
4738
4738
4738
4739
4740
4740
4740
4740
4740
4740
4741
4742
4741
4741
4741
4741
4743
4744
4746
4746
4748
4748
4748
4750
4750
4752
4752
4754
4754
4754
4754
4754
4755
4757
4759
4757
4759
4760
4760
4760
4761
4763
4761
4761
4761
4761
4761
4761
4761
4762
4762
4764
4765
4765
4767
4768
4770
4770
4770
4770
4772
4774
4774
4774
4774
4775
4776
4775
4775
4775
4775
4775
4775
4775
4776
4776
4776
4776
4777
4777
4777
4778
4777
4776
4777
4778
4778
4778
4778
4779
4780
4782
4784
4784
4786
4786
4788
4788
4788
4788
4788
4789
4788
4788
4788
4789
4789
4789
4789
4790
4791
4793
4793
4795
4793
4793
4793
4794
4794
4794
4794
4796
4796
4798
4796
4796
4797
4796
4796
4796
4797
4796
4796
4796
4796
4797
4797
4797
4798
4798
4800
4800
4802
4804
4804
4804
4805
4805
4805
4806
4806
4806
4806
4806
4807
4807
4807
4807
4809
4810
4810
4812
4813
4815
4813
4815
4813
4815
4813
4813
4813
4813
4813
4814
4814
4816
4816
4816
4814
4816
4816
4818
4816
4818
4818
4818
4819
4819
4819
4819
4819
4818
4818
4818
4818
4819
4819
4819
4819
4819
4819
4819
4820
4821
4821
4821
4821
4821
4821
4822
4822
4822
4823
4824
4825
4825
4825
4825
4825
4827
4825
4825
4827
4829
4830
4832
4832
4832
4833
4832
4833
4833
4833
4833
4833
4833
4834
4835
4834
4835
4837
4837
4839
4841
4841
4841
4842
4842
4842
4843
4845
4847
4849
4851
4849
4849
4849
4849
4849
4849
4849
4850
4851
4851
4851
4852
4852
4854
4856
4857
4859
4859
4859
4859
4859
4859
4860
4861
4863
4865
4867
4868
4867
4868
4868
4868
4869
4869
4871
4873
4873
4873
4874
4874
4876
4878
4876
4878
4879
4880
4881
4880
4879
4880
4880
4882
4882
4882
4882
4882
4882
4884
4884
4886
4887
4889
4890
4892
4890
4890
4892
4890
4892
4894
4895
4896
4895
4894
4895
4896
4898
4896
4896
4896
4898
4899
4900
4901
4902
4902
4902
4902
4902
4902
4902
4902
4902
4902
4902
4901
4900
4901
4902
4902
4902
4904
4905
4907
4907
4909
4910
4912
4913
4913
4915
4913
4915
4916
4918
4918
4920
4918
4920
4920
4922
4922
4922
4922
4922
4922
4922
4923
4925
4925
4925
4926
4925
4926
4926
4928
4929
4928
4926
4926
4927
4927
4929
4931
4932
4932
4932
4934
4935
4935
4937
4937
4937
4938
4938
4938
4938
4940
4941
4942
4942
4944
4942
4942
4943
4942
4942
4943
4944
4944
4946
4944
4944
4945
4944
4944
4944
4945
4944
4945
4944
4945
4945
4945
4945
4946
4947
4946
4946
4948
4946
4948
4948
4948
4948
4949
4950
4950
4950
4952
4950
4950
4952
4952
4952
4952
4953
4953
4953
4953
4953
4953
4954
4954
4954
4955
4956
4957
4957
4959
4959
4959
4959
4960
4959
4960
4960
4960
4961
4961
4963
4961
4961
4961
4963
4961
4961
4963
4964
4966
4964
4964
4966
4966
4966
4966
4966
4966
4966
4966
4967
4968
4968
4968
4967
4966
4966
4966
4967
4968
4969
4970
4970
4970
4971
4973
4974
4975
4975
4977
4975
4975
4975
4975
4975
4975
4977
4979
4981
4981
4981
4981
4981
4982
4982
4982
4983
4983
4983
4984
4984
4984
4986
4988
4988
4990
4988
4988
4989
4989
4991
4993
4993
4993
4991
4989
4989
4989
4991
4991
4991
4991
4991
4991
4992
4991
4992
4993
4992
4993
4995
4997
4999
4999
4999
4999
4999
5000
5000
5000
5001
5000
5000
5000
5000
5002
5000
5002
5000
5000
5000
5000
5000
5000
5001
5000
5000
5000
5000
5001
5002
5002
5002
5002
5002
5003
5002
5003
5005
5003
5003
5005
5005
5005
5006
5008
5008
5008
5008
5008
5008
5008
5008
5009
5008
5008
5008
5008
5008
5008
5009
5008
5009
5009
5009
5011
5009
5011
5013
5015
5017
5018
5020
5022
5022
5022
5022
5024
5025
5025
5027
5029
5029
5029
5029
5030
5031
5031
5033
5033
5035
5033
5033
5033
5034
5035
5035
5035
5035
5036
5035
5035
5036
5035
5035
5035
5035
5035
5035
5035
5036
5037
5036
5035
5035
5035
5036
5037
5036
5035
5035
5035
5036
5037
5036
5036
5036
5035
5036
5035
5035
5035
5035
5035
5035
5035
5035
5036
5035
5035
5036
5036
5036
5035
5035
5035
5036
5037
5036
5037
5038
5038
5038
5038
5039
5038
5039
5039
5041
5039
5041
5042
5041
5039
5041
5039
5041
5042
5044
5042
5044
5045
5044
5045
5044
5045
5046
5045
5046
5046
5046
5045
5045
5047
5048
5047
5048
5048
5048
5049
5050
5049
5049
5051
5051
5051
5052
5052
5054
5052
5054
5054
5054
5055
5057
5059
5060
5061
5060
5061
5062
5063
5062
5062
5064
5062
5062
5062
5064
5064
5064
5065
5067
5067
5067
5068
5067
5067
5068
5067
5067
5067
5068
5068
5068
5068
5069
5069
5071
5072
5074
5074
5076
5076
5076
5077
5078
5079
5081
5081
5083
5084
5083
5084
5084
5086
5086
5086
5086
5086
5086
5086
5086
5086
5086
5086
5086
5086
5087
5086
5086
5087
5088
5089
5088
5089
5090
5091
5092
5092
5094
5092
5094
5094
5096
5096
5096
5097
5097
5097
5098
5100
5098
5098
5098
5098
5098
5099
5099
5101
5101
5103
5103
5105
5103
5103
5103
5103
5104
5105
5105
5107
5108
5107
5107
5107
5107
5109
5110
5112
5114
5112
5114
5116
5118
5119
5120
5122
5122
5122
5123
5124
5125
5126
5127
5128
5128
5128
5129
5130
5130
5132
5132
5132
5133
5133
5133
5133
5134
5134
5134
5135
5135
5135
5136
5138
5140
5142
5142
5144
5145
5144
5144
5144
5145
5145
5147
5147
5149
5150
5150
5152
5153
5155
5155
5157
5157
5159
5159
5161
5163
5163
5163
5161
5163
5165
5165
5165
5163
5165
5165
5167
5167
5167
5168
5168
5170
5168
5170
5172
5173
5172
5172
5172
5172
5172
5173
5172
5173
5175
5176
5176
5176
5176
5176
5176
5176
5176
5178
5179
5179
5181
5181
5181
5181
5183
5183
5183
5184
5184
5184
5184
5185
5186
5186
5186
5188
5186
5188
5190
5192
5190
5192
5194
5192
5192
5194
5194
5194
5194
5194
5195
5195
5195
5196
5196
5196
5195
5195
5195
5195
5195
5196
5195
5196
5195
5196
5197
5197
5197
5196
5197
5197
5199
5199
5199
5200
5202
5200
5202
5203
5203
5203
5203
5204
5204
5206
5206
5208
5209
5209
5211
5211
5213
5215
5217
5218
5218
5220
5221
5223
5225
5223
5223
5223
5223
5223
5223
5223
5224
5224
5224
5224
5224
5224
5224
5224
5224
5224
5225
5225
5227
5227
5227
5228
5228
5228
5228
5228
5228
5230
5230
5230
5232
5233
5235
5233
5233
5233
5233
5233
5233
5233
5233
5233
5233
5233
5234
5235
5235
5237
5237
5237
5238
5240
5240
5242
5242
5244
5244
5246
5246
5246
5244
5246
5244
5244
5244
5245
5246
5248
5246
5248
5249
5249
5249
5249
5249
5249
5249
5250
5250
5250
5250
5251
5252
5251
5252
5252
5252
5254
5255
5255
5257
5255
5257
5257
5259
5259
5259
5260
5262
5263
5264
5265
5267
5269
5271
5271
5273
5275
5273
5273
5273
5271
5273
5271
5271
5271
5273
5273
5273
5274
5273
5273
5273
5274
5274
5276
5276
5278
5280
5280
5280
5280
5280
5282
5280
5282
5284
5285
5287
5287
5289
5291
5293
5291
5289
5289
5291
5289
5289
5289
5289
5289
5290
5291
5290
5289
5289
5289
5289
5289
5289
5289
5289
5290
5290
5292
5290
5290
5290
5291
5292
5294
5296
5296
5298
5300
5298
5300
5300
5300
5301
5303
5303
5303
5304
5306
5306
5308
5306
5306
5306
5306
5306
5306
5306
5306
5306
5306
5306
5308
5310
5308
5308
5310
5310
5312
5314
5315
5316
5316
5316
5316
5317
5318
5318
5320
5322
5322
5322
5322
5322
5323
5323
5325
5325
5327
5328
5328
5328
5328
5330
5330
5330
5331
5331
5333
5335
5333
5333
5333
5334
5334
5334
5335
5337
5335
5337
5339
5339
5341
5341
5343
5343
5343
5344
5343
5343
5343
5344
5344
5344
5345
5345
5345
5346
5345
5345
5345
5345
5345
5345
5345
5346
5346
5346
5346
5346
5347
5347
5349
5347
5349
5350
5351
5353
5353
5355
5355
5357
5358
5358
5358
5359
5361
5362
5362
5364
5364
5364
5366
5364
5366
5368
5366
5368
5366
5368
5368
5370
5371
5371
5373
5371
5371
5372
5374
5375
5374
5374
5374
5374
5375
5375
5375
5375
5375
5375
5376
5376
5378
5376
5376
5375
5375
5376
5376
5378
5378
5378
5378
5379
5380
5382
5382
5384
5384
5386
5386
5386
5386
5387
5388
5390
5392
5393
5393
5393
5394
5393
5393
5394
5394
5394
5394
5394
5394
5394
5394
5394
5394
5394
5394
5395
5396
5398
5398
5400
5400
5400
5400
5401
5401
5403
5404
5404
5406
5408
5409
5409
5411
5409
5409
5410
5410
5412
5414
5412
5412
5412
5413
5413
5415
5417
5417
5419
5421
5423
5423
5425
5427
5428
5430
5430
5430
5430
5430
5431
5431
5433
5435
5437
5435
5433
5431
5433
5435
5437
5437
5437
5435
5433
5435
5437
5438
5440
5438
5438
5438
5438
5440
5442
5444
5444
5444
5444
5445
5445
5447
5448
5447
5447
5447
5447
5447
5447
5448
5449
5451
5451
5451
5452
5451
5452
5451
5451
5452
5453
5453
5453
5453
5455
5455
5455
5455
5455
5455
5455
5456
5457
5456
5455
5456
5455
5456
5457
5457
5457
5457
5457
5458
5458
5460
5460
5460
5460
5461
5462
5464
5464
5464
5465
5465
5465
5465
5467
5465
5467
5469
5470
5471
5471
5473
5473
5473
5471
5471
5471
5472
5471
5472
5472
5474
5474
5476
5476
5476
5476
5478
5479
5478
5476
5476
5477
5477
5477
5477
5478
5479
5478
5479
5481
5479
5479
5481
5481
5483
5483
5485
5487
5485
5485
5485
5486
5488
5488
5488
5486
5486
5488
5486
5486
5486
5488
5490
5488
5490
5492
5494
5494
5494
5494
5494
5495
5495
5497
5497
5499
5500
5499
5499
5501
5502
5502
5502
5502
5502
5502
5502
5502
5502
5503
5503
5505
5506
5506
5506
5507
5508
5508
5508
5509
5508
5508
5510
5508
5510
5511
5511
5511
5510
5508
5508
5508
5508
5508
5509
5509
5509
5510
5510
5510
5511
5511
5513
5515
5515
5515
5516
5515
5515
5517
5519
5520
5520
5522
5522
5522
5523
5522
5523
5522
5522
5523
5522
5522
5523
5524
5524
5526
5527
5527
5527
5528
5527
5527
5527
5527
5527
5528
5530
5532
5534
5535
5535
5535
5535
5535
5534
5535
5535
5535
5535
5535
5536
5535
5536
5538
5538
5540
5538
5538
5538
5538
5538
5538
5538
5539
5539
5541
5541
5543
5544
5544
5546
5546
5546
5546
5546
5547
5548
5550
5552
5552
5554
5555
5557
5555
5554
5552
5552
5550
5552
5552
5552
5552
5552
5552
5552
5552
5552
5552
5552
5552
5552
5553
5553
5555
5553
5553
5554
5554
5554
5555
5554
5554
5556
5557
5557
5559
5560
5559
5559
5561
5561
5561
5559
5561
5562
5563
5563
5563
5563
5565
5565
5567
5568
5569
5571
5571
5573
5573
5575
5575
5577
5577
5579
5577
5579
5579
5581
5581
5581
5581
5581
5581
5581
5581
5581
5581
5582
5582
5584
5585
5585
5585
5585
5587
5585
5585
5586
5586
5588
5590
5592
5593
5593
5595
5597
5595
5597
5597
5599
5601
5602
5602
5602
5604
5606
5606
5606
5607
5609
5609
5609
5609
5611
5609
5609
5609
5609
5609
5611
5612
5612
5614
5614
5616
5616
5618
5616
5618
5618
5620
5621
5620
5621
5622
5621
5620
5620
5620
5621
5623
5624
5625
5626
5626
5626
5626
5626
5626
5627
5627
5627
5627
5627
5627
5628
5627
5627
5628
5629
5629
5631
5631
5633
5633
5633
5633
5635
5633
5633
5634
5633
5634
5633
5633
5633
5633
5633
5634
5634
5634
5634
5636
5634
5634
5636
5637
5637
5637
5638
5639
5639
5639
5639
5639
5639
5639
5640
5640
5640
5641
5640
5640
5640
5639
5640
5639
5639
5639
5640
5641
5641
5643
5643
5645
5646
5647
5647
5649
5649
5651
5652
5652
5654
5654
5654
5655
5654
5654
5654
5654
5655
5656
5656
5656
5656
5658
5659
5659
5661
5659
5659
5658
5659
5660
5662
5662
5662
5662
5662
5662
5664
5664
5666
5666
5666
5667
5667
5667
5669
5669
5669
5667
5669
5669
5669
5669
5669
5669
5669
5669
5669
5667
5666
5666
5666
5667
5667
5667
5669
5671
5671
5671
5672
5672
5672
5674
5676
5677
5679
5680
5681
5682
5683
5682
5683
5683
5685
5687
5687
5689
5689
5689
5689
5691
5689
5689
5689
5690
5691
5693
5693
5695
5695
5697
5695
5695
5695
5697
5695
5695
5696
5696
5698
5699
5700
5699
5700
5701
5702
5702
5702
5703
5705
5707
5705
5707
5707
5707
5707
5707
5707
5707
5708
5707
5707
5708
5708
5708
5708
5708
5708
5710
5708
5710
5710
5712
5710
5710
5710
5712
5712
5714
5714
5714
5715
5715
5715
5716
5715
5715
5716
5717
5719
5721
5722
5721
5721
5721
5721
5721
5721
5721
5721
5722
5722
5722
5723
5725
5726
5728
5728
5728
5726
5725
5726
5725
5725
5727
5728
5730
5730
5730
5730
5730
5730
5731
5732
5734
5735
5735
5735
5736
5735
5736
5736
5736
5737
5739
5739
5739
5739
5741
5741
5741
5741
5741
5741
5741
5741
5742
5741
5741
5742
5742
5742
5743
5744
5746
5746
5746
5746
5746
5747
5749
5749
5749
5749
5750
5751
5753
5753
5755
5755
5757
5755
5757
5757
5757
5759
5760
5760
5762
5763
5765
5765
5767
5768
5768
5770
5770
5770
5770
5770
5771
5773
5773
5773
5773
5773
5773
5773
5773
5773
5774
5775
5776
5776
5776
5776
5776
5776
5776
5776
5776
5776
5777
5777
5777
5777
5778
5779
5779
5779
5779
5779
5779
5779
5780
5779
5780
5781
5781
5783
5783
5785
5785
5785
5786
5786
5788
5790
5791
5793
5795
5795
5795
5795
5797
5797
5797
5798
5800
5801
5802
5803
5804
5804
5804
5804
5804
5804
5804
5804
5804
5804
5805
5804
5804
5804
5804
5805
5805
5805
5805
5805
5805
5805
5805
5805
5805
5806
5806
5806
5806
5806
5806
5806
5806
5806
5807
5806
5806
5806
5806
5806
5806
5806
5806
5806
5806
5807
5807
5807
5808
5808
5808
5808
5808
5808
5809
5809
5809
5810
5812
5810
5810
5812
5812
5814
5814
5814
5814
5814
5815
5815
5815
5816
5818
5818
5818
5818
5818
5818
5819
5818
5819
5819
5819
5818
5818
5819
5819
5821
5819
5821
5821
5821
5822
5821
5821
5822
5821
5822
5823
5823
5825
5827
5828
5827
5828
5828
5830
5828
5828
5828
5830
5831
5832
5831
5830
5828
5828
5828
5829
5829
5829
5828
5828
5828
5828
5828
5829
5830
5832
5833
5832
5833
5834
5835
5837
5839
5841
5841
5843
5841
5841
5841
5843
5845
5843
5843
5845
5847
5848
5847
5848
5848
5848
5849
5849
5851
5853
5853
5853
5853
5853
5853
5853
5853
5853
5853
5853
5853
5853
5853
5854
5855
5855
5855
5855
5855
5856
5856
5856
5857
5859
5861
5859
5857
5859
5861
5861
5861
5861
5861
5861
5861
5862
5862
5862
5863
5863
5863
5864
5864
5864
5864
5865
5865
5865
5866
5866
5866
5866
5866
5866
5868
5868
5870
5872
5874
5874
5874
5875
5877
5875
5874
5875
5877
5879
5881
5881
5883
5883
5885
5886
5886
5886
5886
5886
5887
5887
5887
5886
5886
5886
5886
5886
5886
5887
5888
5888
5888
5888
5889
5890
5890
5890
5891
5891
5891
5891
5891
5891
5892
5892
5894
5892
5894
5894
5894
5895
5897
5897
5897
5898
5897
5897
5897
5897
5898
5899
5899
5899
5899
5900
5900
5902
5900
5902
5903
5905
5907
5905
5905
5905
5906
5908
5906
5908
5910
5910
5910
5908
5908
5908
5908
5910
5910
5912
5914
5914
5914
5915
5915
5917
5915
5917
5915
5917
5915
5917
5917
5917
5917
5917
5917
5918
5918
5918
5918
5918
5918
5918
5919
5919
5919
5920
5920
5920
5921
5921
5923
5925
5925
5925
5925
5926
5926
5926
5926
5928
5929
5929
5929
5929
5929
5929
5929
5929
5930
5930
5930
5930
5931
5932
5934
5932
5934
5932
5932
5934
5932
5934
5932
5932
5932
5934
5936
5936
5936
5936
5938
5938
5938
5938
5939
5940
5942
5942
5942
5942
5944
5942
5942
5942
5942
5942
5942
5942
5942
5942
5942
5942
5942
5943
5942
5942
5942
5942
5942
5942
5942
5942
5942
5942
5942
5942
5943
5943
5943
5944
5945
5946
5947
5948
5948
5948
5949
5948
5948
5950
5951
5950
5948
5948
5949
5950
5951
5952
5951
5950
5949
5950
5951
5952
5952
5954
5955
5954
5955
5956
5958
5959
5961
5963
5963
5963
5963
5963
5964
5965
5964
5964
5964
5965
5965
5967
5967
5969
5969
5969
5970
5972
5972
5974
5976
5977
5978
5978
5980
5980
5982
5982
5982
5982
5984
5982
5984
5986
5988
5990
5990
5990
5991
5991
5991
5992
5991
5991
5991
5991
5992
5991
5992
5991
5992
5992
5994
5995
5996
5996
5998
5998
5998
5998
5998
5999
5999
5999
5999
5999
5999
6001
6003
6005
6003
6005
6006
6008
6008
6008
6010
6011
6011
6011
6011
6011
6012
6014
6016
6018
6020
6022
6020
6018
6016
6018
6020
6020
6022
6024
6024
6024
6024
6024
6024
6024
6025
6026
6027
6027
6027
6027
6029
6027
6029
6027
6029
6031
6032
6032
6032
6033
6033
6033
6033
6033
6034
6036
6038
6040
6038
6036
6036
6038
6040
6038
6038
6038
6040
6042
6043
6043
6043
6044
6046
6047
6047
6047
6047
6047
6048
6048
6048
6048
6049
6049
6051
6052
6054
6054
6056
6056
6056
6056
6056
6056
6056
6056
6056
6056
6057
6058
6058
6058
6058
6060
6060
6060
6058
6058
6059
6059
6061
6061
6063
6061
6063
6063
6065
6065
6065
6066
6066
6066
6068
6066
6066
6066
6066
6068
6070
6070
6070
6071
6071
6071
6073
6073
6075
6075
6075
6075
6077
6077
6077
6077
6079
6081
6081
6081
6081
6082
6082
6082
6082
6084
6084
6084
6084
6084
6085
6084
6084
6084
6084
6084
6084
6084
6085
6085
6085
6086
6086
6088
6086
6086
6087
6087
6087
6087
6087
6088
6090
6092
6094
6094
6094
6095
6095
6095
6095
6095
6094
6094
6095
6094
6094
6094
6094
6094
6094
6094
6094
6094
6095
6096
6097
6096
6096
6096
6096
6096
6097
6097
6097
6097
6098
6097
6098
6099
6101
6101
6103
6103
6105
6107
6108
6108
6110
6110
6110
6110
6110
6111
6113
6113
6115
6116
6116
6116
6117
6117
6119
6117
6119
6120
6119
6119
6121
6122
6122
6122
6121
6119
6119
6119
6119
6120
6120
6122
6123
6124
6124
6124
6126
6127
6127
6127
6128
6127
6128
6128
6128
6129
6129
6131
6131
6133
6133
6135
6133
6135
6135
6135
6135
6135
6136
6136
6136
6136
6137
6137
6137
6137
6138
6137
6137
6137
6137
6137
6137
6137
6137
6137
6137
6137
6137
6137
6138
6138
6138
6139
6141
6141
6141
6139
6141
6141
6141
6141
6142
6142
6144
6142
6142
6143
6142
6142
6142
6142
6142
6142
6143
6144
6145
6144
6144
6146
6144
6146
6147
6148
6148
6148
6149
6148
6148
6148
6148
6148
6149
6150
6149
6149
6149
6150
6150
6150
6150
6150
6151
6150
6151
6151
6151
6152
6153
6153
6153
6155
6155
6155
6155
6155
6155
6157
6158
6157
6158
6157
6155
6155
6155
6157
6158
6157
6155
6157
6158
6158
6158
6158
6158
6159
6159
6161
6162
6164
6164
6166
6166
6166
6166
6168
6168
6170
6168
6170
6172
6173
6173
6173
6173
6173
6173
6173
6173
6173
6173
6173
6173
6173
6174
6173
6173
6173
6174
6174
6174
6174
6174
6175
6175
6177
6177
6177
6177
6178
6177
6178
6178
6178
6177
6177
6177
6178
6179
6178
6179
6180
6179
6179
6181
6182
6182
6182
6182
6182
6183
6183
6183
6185
6185
6185
6185
6185
6185
6185
6186
6185
6185
6185
6185
6186
6185
6185
6185
6185
6186
6186
6186
6186
6187
6187
6189
6189
6191
6192
6192
6194
6192
6194
6194
6194
6194
6194
6195
6195
6197
6198
6197
6198
6198
6198
6199
6198
6198
6198
6199
6199
6201
6203
6204
6204
6206
6208
6210
6210
6210
6210
6210
6211
6212
6211
6212
6212
6214
6215
6217
6217
6219
6220
6220
6220
6220
6221
6222
6224
6224
6224
6222
6224
6224
6224
6224
6224
6224
6224
6225
6225
6225
6225
6225
6225
6225
6226
6226
6226
6227
6227
6227
6227
6227
6227
6227
6228
6229
6230
6231
6230
6231
6231
6231
6232
6234
6234
6236
6237
6239
6241
6241
6241
6241
6241
6241
6241
6241
6241
6242
6242
6244
6245
6246
6247
6246
6245
6246
6247
6248
6248
6250
6250
6250
6251
6253
6255
6253
6253
6253
6254
6256
6258
6258
6258
6258
6260
6260
6260
6260
6262
6262
6264
6262
6262
6262
6262
6263
6265
6265
6265
6265
6267
6268
6268
6268
6269
6269
6269
6270
6270
6270
6270
6270
6270
6270
6270
6272
6272
6274
6272
6274
6274
6276
6274
6274
6274
6274
6274
6274
6274
6274
6274
6275
6275
6277
6275
6275
6275
6275
6276
6276
6278
6278
6280
6281
6280
6281
6281
6283
6283
6285
6285
6287
6287
6287
6287
6288
6289
6291
6292
6292
6292
6292
6292
6293
6293
6295
6293
6293
6294
6293
6292
6292
6292
6293
6294
6294
6294
6295
6295
6295
6295
6296
6295
6295
6295
6295
6295
6296
6297
6297
6297
6299
6301
6299
6297
6297
6297
6298
6297
6297
6298
6297
6297
6297
6297
6297
6298
6298
6300
6300
6302
6303
6303
6303
6305
6303
6305
6307
6305
6307
6307
6309
6309
6309
6309
6309
6311
6309
6309
6309
6311
6309
6307
6307
6307
6307
6308
6308
6308
6309
6311
6313
6315
6315
6315
6315
6317
6317
6319
6319
6319
6320
6319
6319
6319
6319
6320
6321
6321
6321
6321
6321
6322
6322
6322
6322
6322
6322
6322
6322
6323
6322
6322
6323
6323
6323
6323
6324
6324
6324
6323
6323
6323
6324
6325
6327
6325
6324
6325
6324
6325
6324
6324
6326
6327
6329
6329
6329
6329
6329
6329
6329
6330
6329
6329
6331
6331
6333
6331
6333
6333
6333
6333
6333
6334
6336
6337
6338
6337
6337
6337
6338
6339
6338
6337
6336
6336
6338
6339
6338
6339
6339
6341
6339
6341
6339
6341
6342
6342
6342
6342
6344
6342
6344
6342
6342
6343
6343
6343
6343
6345
6345
6345
6347
6348
6348
6350
6351
6351
6353
6355
6357
6359
6361
6362
6364
6366
6368
6366
6364
6364
6364
6365
6367
6369
6369
6371
6369
6371
6369
6369
6370
6372
6372
6372
6372
6372
6372
6373
6374
6376
6378
6376
6378
6378
6378
6378
6379
6380
6379
6379
6379
6378
6379
6379
6379
6379
6379
6380
6382
6383
6382
6383
6382
6380
6380
6380
6381
6381
6381
6381
6381
6381
6381
6383
6383
6383
6383
6384
6384
6384
6385
6384
6384
6384
6384
6385
6386
6386
6388
6388
6390
6390
6392
6392
6392
6393
6393
6395
6397
6395
6395
6395
6397
6397
6397
6395
6395
6395
6395
6396
6397
6397
6397
6397
6398
6399
6401
6401
6401
6401
6403
6403
6403
6404
6406
6408
6406
6404
6406
6406
6408
6408
6410
6412
6412
6412
6413
6415
6417
6419
6420
6422
6420
6420
6420
6419
6419
6421
6421
6423
6424
6424
6426
6426
6426
6426
6428
6430
6428
6428
6430
6430
6430
6430
6431
6432
6434
6436
6436
6438
6440
6441
6441
6441
6440
6441
6441
6443
6441
6441
6443
6444
6444
6444
6444
6444
6444
6444
6445
6446
6446
6448
6448
6450
6450
6452
6452
6452
6450
6452
6450
6452
6452
6452
6453
6455
6456
6455
6453
6452
6452
6454
6454
6456
6456
6456
6457
6457
6459
6461
6462
6461
6462
6462
6462
6462
6462
6463
6465
6463
6463
6465
6463
6463
6463
6463
6464
6466
6464
6466
6468
6468
6468
6468
6469
6469
6469
6469
6470
6471
6471
6471
6472
6472
6474
6474
6474
6475
6477
6477
6477
6477
6477
6477
6477
6477
6478
6479
6479
6479
6480
6480
6480
6480
6480
6480
6480
6481
6480
6481
6482
6482
6482
6482
6483
6483
6485
6483
6483
6484
6484
6486
6488
6486
6488
6488
6488
6489
6489
6489
6489
6489
6489
6489
6489
6489
6490
6489
6490
6491
6491
6491
6491
6491
6491
6491
6492
6492
6494
6495
6495
6497
6497
6499
6500
6500
6500
6500
6502
6503
6502
6502
6504
6505
6505
6507
6505
6507
6508
6510
6510
6510
6511
6511
6511
6512
6513
6513
6513
6514
6514
6514
6516
6517
6516
6516
6516
6516
6516
6517
6518
6517
6518
6520
6518
6517
6518
6520
6522
6522
6522
6522
6522
6523
6523
6525
6525
6525
6526
6525
6525
6525
6526
6526
6526
6527
6527
6529
6530
6530
6530
6530
6530
6530
6531
6531
6531
6531
6533
6531
6533
6534
6534
6534
6533
6533
6535
6536
6537
6537
6539
6539
6539
6539
6539
6539
6540
6540
6542
6540
6542
6540
6540
6540
6541
6540
6540
6540
6541
6542
6542
6542
6541
6542
6541
6541
6541
6541
6542
6541
6541
6542
6543
6542
6542
6542
6542
6544
6544
6544
6545
6544
6544
6544
6545
6545
6547
6548
6549
6549
6551
6551
6551
6553
6553
6555
6556
6557
6559
6560
6560
6560
6560
6560
6560
6561
6562
6562
6564
6564
6564
6566
6567
6566
6566
6568
6569
6570
6569
6568
6568
6570
6568
6570
6571
6570
6570
6572
6573
6574
6573
6572
6572
6574
6572
6574
6574
6574
6574
6574
6575
6574
6574
6575
6575
6577
6577
6577
6577
6577
6578
6579
6579
6579
6579
6579
6580
6582
6582
6582
6582
6583
6583
6585
6586
6588
6589
6591
6592
6591
6591
6593
6594
6594
6596
6597
6596
6597
6597
6599
6600
6600
6600
6600
6600
6600
6602
6602
6602
6600
6600
6600
6600
6600
6600
6600
6600
6600
6600
6601
6602
6602
6602
6602
6602
6603
6603
6605
6605
6605
6606
6606
6608
6610
6610
6610
6610
6611
6610
6610
6611
6611
6611
6611
6611
6612
6613
6612
6612
6614
6614
6614
6612
6614
6615
6615
6617
6617
6617
6618
6618
6618
6618
6619
6619
6619
6619
6619
6619
6619
6620
6622
6622
6622
6623
6625
6627
6625
6627
6627
6629
6629
6629
6627
6627
6628
6628
6630
6630
6630
6630
6630
6631
6631
6631
6631
6632
6633
6633
6633
6633
6635
6633
6633
6633
6633
6633
6633
6633
6633
6633
6634
6633
6634
6634
6634
6635
6636
6636
6638
6636
6638
6638
6640
6640
6642
6643
6643
6643
6643
6644
6644
6646
6647
6649
6651
6651
6651
6649
6647
6647
6647
6648
6647
6647
6648
6648
6648
6648
6650
6650
6650
6648
6650
6651
6651
6651
6651
6651
6651
6651
6651
6651
6652
6651
6651
6653
6655
6657
6657
6659
6657
6657
6658
6657
6657
6657
6657
6658
6659
6659
6661
6662
6661
6661
6661
6661
6661
6661
6661
6662
6662
6662
6662
6663
6663
6665
6663
6665
6666
6668
6669
6669
6671
6671
6673
6674
6676
6677
6677
6677
6677
6679
6680
6682
6684
6686
6687
6688
6688
6690
6690
6692
6694
6692
6690
6692
6692
6694
6694
6694
6694
6694
6695
6694
6694
6694
6695
6695
6697
6699
6699
6699
6701
6701
6701
6703
6701
6701
6703
6703
6705
6707
6707
6707
6707
6707
6708
6707
6708
6707
6707
6707
6707
6709
6710
6711
6713
6714
6713
6711
6710
6709
6710
6710
6712
6710
6710
6710
6711
6712
6712
6712
6712
6712
6712
6713
6713
6713
6714
6716
6714
6714
6714
6715
6715
6715
6715
6715
6716
6718
6718
6720
6722
6720
6718
6718
6720
6722
6722
6722
6722
6722
6723
6724
6723
6722
6722
6722
6722
6722
6722
6722
6723
6723
6725
6727
6727
6727
6729
6730
6729
6730
6730
6730
6732
6732
6734
6735
6735
6735
6734
6734
6734
6734
6736
6736
6736
6736
6738
6739
6740
6740
6740
6740
6741
6742
6744
6746
6746
6748
6750
6750
6750
6750
6750
6750
6752
6750
6750
6751
6753
6753
6755
6755
6757
6758
6757
6757
6757
6758
6758
6758
6758
6759
6759
6759
6759
6761
6761
6763
6763
6763
6763
6763
6764
6766
6767
6769
6769
6769
6770
6769
6770
6770
6772
6774
6776
6776
6776
6774
6776
6774
6774
6776
6774
6774
6772
6774
6776
6777
6778
6778
6780
6782
6783
6785
6786
6785
6786
6785
6786
6786
6788
6790
6792
6792
6792
6792
6793
6793
6793
6794
6794
6796
6796
6798
6798
6798
6798
6798
6799
6801
6801
6801
6801
6801
6802
6802
6802
6802
6803
6804
6804
6806
6804
6804
6805
6807
6805
6805
6805
6805
6805
6806
6806
6806
6807
6806
6807
6807
6809
6809
6809
6811
6811
6811
6811
6811
6811
6811
6811
6811
6811
6811
6812
6814
6814
6814
6815
6817
6819
6819
6819
6819
6819
6819
6819
6819
6819
6819
6819
6820
6820
6820
6820
6820
6820
6820
6820
6820
6820
6820
6821
6821
6821
6822
6822
6822
6823
6825
6823
6823
6823
6824
6823
6823
6824
6823
6824
6825
6825
6827
6827
6827
6829
6831
6829
6829
6829
6830
6829
6829
6830
6830
6832
6830
6830
6830
6832
6830
6830
6830
6830
6831
6830
6830
6830
6830
6830
6830
6830
6830
6831
6830
6830
6831
6833
6831
6830
6831
6830
6830
6830
6830
6830
6830
6831
6831
6831
6830
6831
6830
6831
6832
6833
6833
6835
6836
6838
6838
6838
6838
6838
6838
6840
6838
6838
6838
6838
6838
6840
6838
6838
6839
6839
6841
6843
6841
6841
6841
6841
6842
6841
6841
6841
6841
6841
6842
6842
6842
6843
6845
6846
6846
6846
6847
6846
6847
6847
6849
6850
6851
6852
6852
6854
6852
6854
6854
6854
6854
6854
6854
6854
6854
6854
6854
6854
6854
6855
6856
6857
6856
6857
6858
6859
6858
6859
6858
6859
6860
6862
6862
6864
6866
6866
6866
6866
6868
6868
6870
6870
6872
6874
6875
6877
6877
6877
6878
6877
6877
6877
6878
6878
6880
6881
6880
6880
6882
6883
6882
6882
6884
6884
6884
6884
6884
6884
6884
6884
6884
6884
6885
6884
6885
6885
6885
6885
6887
6888
6888
6890
6888
6888
6888
6888
6888
6889
6889
6889
6889
6890
6891
6893
6893
6895
6896
6896
6896
6896
6898
6900
6901
6901
6901
6902
6904
6904
6904
6904
6904
6904
6905
6906
6907
6908
6907
6907
6907
6907
6907
6907
6909
6909
6909
6910
6912
6913
6912
6912
6914
6912
6912
6912
6912
6912
6913
6913
6913
6913
6913
6914
6913
6913
6913
6913
6913
6913
6913
6914
6913
6914
6915
6915
6915
6915
6915
6916
6916
6918
6918
6918
6920
6921
6922
6923
6922
6922
6922
6922
6922
6922
6922
6922
6922
6922
6923
6923
6925
6925
6925
6925
6927
6927
6929
6930
6930
6932
6933
6934
6935
6936
6938
6938
6938
6939
6939
6939
6939
6939
6940
6942
6943
6944
6943
6944
6944
6944
6944
6944
6943
6944
6945
6944
6944
6946
6947
6948
6950
6950
6952
6953
6955
6956
6958
6959
6961
6962
6962
6962
6962
6962
6962
6962
6962
6962
6963
6964
6965
6967
6965
6967
6965
6967
6968
6968
6968
6968
6970
6970
6972
6972
6972
6972
6972
6973
6972
6972
6973
6973
6973
6974
6976
6976
6976
6976
6976
6977
6976
6976
6976
6977
6979
6977
6977
6977
6976
6974
6974
6976
6978
6979
6979
6979
6979
6979
6979
6980
6980
6980
6980
6980
6980
6980
6980
6980
6980
6981
6980
6981
6981
6981
6981
6981
6981
6981
6982
6981
6981
6981
6981
6981
6982
6983
6983
6983
6983
6984
6985
6987
6988
6987
6987
6989
6990
6991
6992
6993
6992
6992
6992
6993
6993
6995
6995
6995
6997
6995
6995
6995
6996
6996
6996
6997
6996
6996
6998
7000
7002
7002
7002
7003
7003
7003
7004
7003
7004
7004
7006
7008
7008
7008
7008
7009
7009
7009
7010
7012
7012
7012
7013
7013
7013
7015
7016
7015
7015
7017
7017
7017
7017
7018
7018
7018
7018
7020
7020
7020
7021
7021
7021
7022
7024
7024
7026
7026
7026
7027
7027
7027
7028
7028
7028
7029
7028
7029
7028
7028
7029
7030
7030
7032
7034
7034
7036
7038
7040
7042
7042
7042
7042
7042
7043
7043
7045
7047
7047
7047
7047
7049
7049
7049
7049
7049
7050
7049
7049
7049
7050
7049
7049
7049
7049
7049
7049
7049
7050
7051
7050
7051
7052
7053
7054
7055
7054
7055
7055
7057
7055
7055
7055
7056
7056
7056
7057
7059
7060
7059
7060
7060
7062
7064
7065
7065
7065
7067
7065
7067
7067
7067
7067
7067
7067
7067
7068
7067
7067
7067
7068
7069
7068
7067
7067
7067
7067
7067
7067
7068
7068
7070
7068
7070
7068
7068
7069
7071
7069
7069
7069
7071
7071
7071
7072
7074
7072
7074
7075
7075
7075
7076
7078
7078
7078
7078
7078
7078
7078
7078
7079
7079
7081
7079
7081
7079
7079
7080
7080
7080
7080
7081
7080
7080
7080
7081
7080
7081
7080
7081
7082
7083
7082
7081
7082
7082
7084
7082
7084
7084
7084
7085
7085
7085
7087
7088
7088
7090
7091
7091
7091
7091
7091
7093
7095
7096
7098
7098
7100
7100
7102
7100
7102
7103
7104
7105
7105
7105
7105
7105
7106
7108
7106
7106
7106
7106
7107
7108
7108
7110
7110
7110
7110
7111
7111
7113
7114
7116
7114
7113
7111
7111
7111
7112
7112
7112
7112
7112
7113
7115
7113
7115
7116
7118
7118
7118
7119
7121
7119
7121
7121
7123
7125
7125
7125
7126
7128
7130
7128
7130
7130
7130
7130
7132
7132
7134
7135
7135
7137
7137
7137
7138
7140
7141
7141
7141
7141
7141
7141
7143
7143
7143
7143
7143
7144
7144
7146
7144
7144
7144
7144
7144
7144
7144
7146
7147
7147
7149
7150
7149
7149
7149
7149
7150
7150
7150
7151
7151
7151
7151
7151
7152
7154
7154
7154
7152
7152
7152
7154
7154
7156
7158
7158
7158
7159
7161
7159
7159
7159
7160
7160
7160
7162
7162
7162
7163
7163
7165
7167
7169
7167
7167
7169
7171
7172
7174
7174
7174
7175
7175
7177
7178
7179
7181
7181
7181
7181
7183
7183
7183
7184
7186
7186
7186
7186
7186
7186
7188
7189
7189
7189
7189
7189
7190
7190
7192
7194
7196
7196
7198
7198
7198
7199
7199
7199
7199
7200
7201
7203
7203
7205
7203
7203
7204
7205
7207
7208
7208
7208
7208
7208
7208
7208
7208
7208
7208
7209
7209
7211
7211
7211
7212
7211
7211
7211
7211
7212
7212
7212
7212
7213
7214
7216
7214
7214
7216
7216
7216
7216
7218
7220
7218
7218
7220
7222
7222
7222
7222
7222
7223
7223
7223
7224
7224
7224
7225
7227
7227
7227
7228
7228
7228
7228
7229
7228
7228
7229
7229
7231
7229
7229
7229
7229
7229
7229
7229
7229
7229
7229
7229
7230
7230
7230
7230
7230
7229
7229
7229
7229
7230
7229
7229
7229
7230
7230
7230
7231
7231
7233
7234
7236
7234
7236
7236
7238
7238
7238
7239
7238
7239
7239
7239
7239
7239
7239
7240
7239
7239
7239
7239
7240
7240
7240
7240
7242
7240
7240
7239
7240
7241
7242
7242
7242
7242
7242
7243
7245
7245
7247
7249
7251
7251
7251
7251
7252
7253
7255
7255
7255
7255
7256
7257
7259
7261
7261
7263
7265
7263
7263
7263
7261
7261
7261
7262
7262
7262
7262
7264
7265
7267
7265
7265
7267
7265
7267
7265
7265
7267
7269
7271
7271
7273
7273
7273
7273
7273
7274
7274
7274
7275
7277
7277
7279
7279
7279
7280
7280
7282
7280
7280
7282
7282
7282
7282
7283
7282
7282
7282
7283
7282
7282
7282
7283
7284
7284
7286
7284
7286
7287
7287
7289
7289
7289
7290
7290
7292
7294
7294
7294
7294
7296
7298
7298
7298
7299
7299
7299
7299
7300
7301
7303
7301
7301
7301
7301
7301
7301
7301
7302
7303
7302
7303
7303
7305
7306
7306
7306
7306
7306
7306
7306
7307
7309
7309
7311
7313
7313
7315
7315
7315
7313
7313
7315
7317
7319
7319
7319
7320
7322
7320
7320
7320
7321
7323
7325
7325
7325
7325
7326
7327
7329
7327
7327
7327
7328
7328
7330
7328
7330
7330
7330
7331
7331
7331
7332
7334
7334
7336
7336
7338
7338
7338
7339
7339
7341
7341
7343
7345
7345
7347
7347
7347
7348
7347
7347
7347
7348
7348
7350
7350
7350
7351
7352
7352
7354
7356
7354
7354
7354
7354
7354
7355
7355
7357
7357
7359
7361
7361
7361
7361
7361
7361
7361
7362
7362
7364
7365
7366
7366
7366
7366
7366
7367
7367
7367
7367
7367
7367
7367
7367
7367
7367
7367
7367
7367
7367
7368
7368
7368
7368
7368
7368
7368
7369
7368
7368
7368
7369
7368
7368
7368
7368
7368
7368
7368
7368
7369
7369
7371
7371
7373
7374
7373
7374
7374
7376
7374
7376
7377
7377
7379
7380
7379
7377
7377
7376
7376
7378
7379
7380
7379
7380
7380
7380
7380
7380
7381
7381
7381
7381
7381
7381
7381
7381
7381
7380
7380
7380
7380
7380
7380
7380
7380
7380
7380
7380
7381
7381
7381
7381
7381
7381
7381
7381
7383
7384
7384
7386
7387
7386
7386
7386
7386
7386
7386
7386
7387
7387
7387
7388
7388
7388
7390
7391
7392
7392
7392
7391
7392
7394
7394
7394
7395
7394
7394
7394
7394
7394
7395
7395
7397
7399
7397
7397
7397
7395
7395
7396
7396
7396
7396
7398
7400
7398
7398
7400
7402
7402
7402
7402
7402
7402
7404
7404
7404
7405
7407
7407
7409
7409
7409
7409
7409
7410
7409
7409
7410
7410
7412
7412
7412
7412
7412
7412
7413
7413
7413
7414
7416
7417
7419
7419
7421
7422
7423
7424
7426
7424
7424
7424
7426
7428
7429
7428
7429
7429
7429
7430
7432
7433
7434
7436
7437
7436
7437
7436
7436
7436
7436
7436
7436
7437
7438
7440
7441
7440
7440
7442
7443
7443
7445
7445
7447
7447
7447
7448
7448
7448
7448
7448
7449
7450
7450
7450
7451
7451
7453
7455
7455
7455
7456
7457
7456
7455
7453
7455
7455
7455
7456
7456
7456
7456
7456
7457
7459
7460
7460
7460
7461
7461
7463
7465
7463
7463
7463
7464
7463
7464
7466
7464
7464
7464
7465
7464
7465
7465
7465
7464
7464
7464
7464
7464
7463
7463
7463
7463
7464
7465
7467
7469
7469
7469
7471
7471
7473
7474
7474
7476
7474
7476
7477
7478
7478
7478
7478
7478
7478
7480
7478
7480
7481
7482
7484
7486
7488
7490
7492
7490
7492
7494
7492
7494
7496
7496
7498
7499
7501
7502
7503
7504
7506
7507
7506
7506
7506
7506
7508
7508
7508
7508
7510
7510
7510
7510
7512
7512
7512
7512
7513
7514
7514
7514
7514
7516
7514
7516
7516
7516
7517
7517
7519
7517
7517
7517
7518
7518
7518
7519
7521
7521
7521
7522
7524
7526
7528
7529
7528
7529
7530
7531
7530
7529
7530
7529
7530
7529
7529
7529
7530
7532
7530
7530
7530
7530
7530
7530
7531
7532
7532
7532
7532
7532
7532
7532
7533
7533
7533
7534
7534
7536
7538
7538
7540
7541
7542
7542
7542
7543
7542
7542
7543
7543
7545
7545
7545
7546
7545
7545
7547
7548
7547
7548
7547
7547
7547
7548
7548
7548
7549
7551
7549
7549
7549
7549
7551
7551
7553
7551
7551
7551
7551
7552
7552
7554
7556
7556
7558
7558
7558
7558
7560
7558
7560
7560
7560
7560
7560
7561
7560
7560
7560
7560
7561
7561
7563
7564
7564
7566
7566
7566
7564
7566
7568
7566
7568
7570
7570
7572
7572
7574
7572
7572
7572
7573
7574
7573
7572
7572
7572
7573
7573
7573
7572
7572
7572
7573
7573
7575
7575
7575
7575
7576
7577
7577
7577
7577
7578
7579
7579
7579
7580
7580
7580
7581
7583
7585
7587
7589
7590
7589
7590
7589
7589
7591
7589
7589
7590
7591
7592
7592
7594
7596
7596
7598
7600
7602
7600
7600
7600
7600
7601
7600
7601
7600
7600
7600
7601
7601
7603
7604
7606
7604
7603
7603
7603
7604
7604
7606
7608
7608
7610
7612
7613
7612
7610
7608
7610
7610
7610
7610
7611
7611
7611
7611
7611
7612
7611
7612
7612
7614
7614
7614
7614
7615
7615
7615
7616
7618
7620
7621
7621
7621
7623
7625
7626
7626
7626
7627
7629
7627
7627
7629
7627
7627
7627
7627
7628
7630
7630
7632
7632
7632
7632
7634
7634
7636
7638
7638
7640
7640
7640
7641
7643
7643
7643
7643
7644
7643
7643
7644
7643
7644
7646
7646
7648
7649
7651
7649
7651
7651
7653
7655
7655
7655
7655
7655
7655
7655
7655
7655
7656
7656
7656
7656
7658
7660
7660
7660
7660
7662
7662
7662
7663
7663
7663
7663
7663
7663
7663
7663
7664
7665
7666
7667
7669
7669
7669
7670
7670
7670
7671
7673
7673
7673
7671
7673
7671
7670
7670
7672
7674
7675
7676
7676
7678
7680
7681
7681
7681
7683
7683
7683
7684
7686
7684
7683
7684
7683
7683
7684
7685
7687
7687
7687
7687
7687
7687
7687
7688
7689
7689
7689
7690
7690
7690
7689
7690
7690
7692
7694
7695
7697
7699
7701
7701
7701
7701
7701
7701
7701
7701
7702
7702
7702
7703
7705
7705
7707
7708
7708
7708
7707
7705
7707
7707
7707
7707
7708
7707
7707
7707
7707
7707
7708
7708
7710
7711
7710
7710
7710
7708
7710
7710
7712
7713
7713
7715
7713
7713
7714
7713
7714
7716
7717
7717
7719
7719
7721
7722
7722
7722
7722
7722
7723
7725
7726
7727
7729
7729
7731
7731
7731
7731
7731
7732
7734
7734
7736
7737
7737
7739
7737
7737
7737
7739
7741
7739
7739
7739
7740
7740
7740
7740
7740
7742
7740
7739
7739
7741
7743
7741
7739
7739
7739
7739
7739
7740
7739
7739
7739
7740
7741
7740
7741
7741
7743
7743
7745
7745
7747
7749
7749
7749
7751
7753
7755
7753
7751
7753
7753
7753
7753
7754
7753
7753
7753
7755
7755
7755
7753
7755
7757
7758
7758
7758
7758
7760
7760
7760
7760
7760
7760
7760
7761
7762
7761
7761
7761
7762
7764
7764
7764
7764
7765
7766
7766
7766
7765
7766
7768
7768
7768
7769
7768
7769
7768
7769
7769
7771
7771
7771
7771
7771
7771
7771
7771
7771
7771
7771
7771
7771
7771
7772
7771
7771
7771
7771
7771
7771
7771
7772
7773
7774
7774
7774
7774
7774
7775
7776
7776
7778
7778
7778
7778
7778
7778
7778
7779
7781
7779
7779
7779
7779
7779
7780
7780
7782
7782
7784
7785
7785
7787
7785
7785
7784
7784
7786
7786
7786
7786
7786
7786
7786
7787
7787
7789
7789
7789
7790
7791
7792
7791
7792
7793
7795
7795
7795
7796
7798
7798
7798
7798
7798
7798
7798
7798
7798
7799
7799
7801
7801
7801
7801
7803
7803
7803
7803
7803
7803
7803
7804
7803
7804
7804
7806
7804
7804
7805
7805
7805
7807
7805
7807
7805
7807
7805
7807
7807
7809
7810
7810
7812
7813
7813
7813
7814
7816
7818
7816
7814
7814
7816
7816
7816
7816
7817
7817
7817
7818
7817
7818
7818
7820
7818
7818
7818
7818
7819
7819
7821
7823
7823
7823
7823
7824
7824
7824
7824
7824
7825
7827
7829
7829
7829
7829
7830
7830
7830
7830
7830
7830
7831
7831
7831
7831
7831
7831
7833
7834
7835
7836
7835
7836
7836
7838
7840
7841
7843
7845
7843
7843
7843
7841
7841
7841
7841
7841
7841
7841
7841
7842
7843
7843
7845
7847
7849
7847
7845
7843
7845
7847
7847
7849
7849
7851
7851
7851
7853
7851
7853
7853
7855
7855
7857
7859
7861
7859
7859
7859
7860
7862
7864
7866
7866
7868
7869
7868
7866
7868
7866
7866
7866
7868
7868
7870
7871
7870
7871
7870
7870
7870
7870
7871
7870
7871
7872
7872
7872
7872
7872
7874
7875
7875
7875
7876
7878
7878
7880
7878
7880
7880
7882
7882
7884
7885
7887
7887
7889
7889
7889
7890
7892
7894
7894
7894
7895
7895
7897
7899
7899
7899
7899
7899
7900
7900
7900
7900
7902
7904
7905
7907
7908
7908
7910
7911
7912
7913
7914
7914
7916
7917
7918
7920
7922
7922
7924
7925
7924
7925
7925
7927
7928
7930
7928
7927
7927
7929
7930
7930
7930
7930
7931
7931
7931
7932
7932
7932
7932
7932
7932
7932
7931
7931
7931
7931
7932
7932
7932
7932
7932
7932
7932
7932
7933
7933
7933
7934
7934
7934
7934
7934
7935
7935
7935
7934
7935
7935
7937
7939
7941
7942
7942
7942
7943
7943
7945
7945
7947
7945
7945
7947
7949
7949
7949
7950
7952
7953
7955
7956
7955
7956
7956
7958
7956
7958
7956
7956
7958
7958
7958
7959
7961
7959
7961
7963
7963
7963
7961
7963
7963
7963
7963
7963
7963
7964
7964
7964
7964
7964
7964
7964
7964
7965
7965
7965
7965
7967
7965
7967
7968
7968
7968
7968
7968
7969
7968
7969
7971
7973
7974
7974
7976
7978
7978
7980
7981
7982
7983
7983
7985
7987
7987
7989
7990
7990
7992
7992
7992
7992
7992
7992
7992
7992
7993
7994
7993
7993
7993
7993
7993
7993
7994
7994
7994
7995
7995
7997
7997
7997
7997
7997
7998
7998
7998
7998
8000
8001
8001
8001
8001
8001
8002
8003
8003
8003
8004
8003
8003
8004
8005
8007
8005
8005
8005
8005
8007
8005
8005
8005
8007
8007
8009
8011
8011
8013
8011
8013
8011
8011
8011
8013
8011
8011
8011
8011
8011
8013
8014
8016
8017
8019
8021
8021
8021
8022
8022
8024
8022
8022
8022
8024
8026
8027
8027
8029
8030
8031
8033
8034
8033
8034
8034
8034
8034
8034
8033
8031
8031
8033
8033
8033
8033
8035
8037
8037
8037
8038
8038
8040
8042
8042
8042
8042
8044
8045
8045
8047
8047
8049
8049
8049
8051
8052
8053
8054
8056
8054
8056
8058
8060
8061
8060
8060
8062
8063
8063
8065
8066
8068
8070
8071
8071
8071
8071
8071
8071
8071
8072
8072
8074
8072
8074
8072
8072
8073
8074
8074
8076
8074
8074
8075
8074
8075
8075
8077
8079
8081
8083
8084
8085
8087
8087
8087
8087
8088
8087
8088
8088
8088
8088
8089
8090
8092
8092
8092
8092
8094
8095
8097
8097
8097
8097
8097
8097
8097
8097
8097
8097
8098
8097
8097
8097
8097
8097
8097
8097
8097
8097
8097
8097
8097
8097
8097
8097
8097
8097
8097
8098
8098
8098
8098
8098
8098
8099
8098
8098
8098
8099
8100
8100
8102
8103
8104
8104
8104
8104
8104
8104
8104
8104
8104
8104
8104
8104
8104
8104
8104
8105
8106
8106
8108
8106
8106
8106
8106
8107
8107
8109
8107
8107
8109
8110
8110
8110
8110
8112
8112
8114
8115
8116
8116
8118
8118
8118
8119
8118
8118
8118
8119
8118
8118
8120
8121
8120
8121
8122
8122
8124
8125
8124
8125
8126
8126
8128
8130
8130
8130
8130
8132
8132
8134
8134
8134
8134
8134
8135
8137
8137
8137
8138
8140
8140
8142
8142
8142
8142
8142
8142
8142
8142
8142
8143
8144
8144
8144
8144
8145
8145
8145
8146
8145
8145
8145
8145
8145
8145
8145
8145
8146
8146
8146
8146
8146
8146
8146
8146
8148
8148
8150
8148
8148
8148
8148
8149
8148
8148
8149
8150
8151
8151
8151
8151
8151
8151
8152
8153
8155
8153
8152
8153
8155
8156
8156
8156
8156
8156
8156
8157
8156
8157
8157
8159
8157
8159
8160
8162
8164
8164
8164
8162
8164
8165
8165
8165
8165
8165
8165
8166
8166
8168
8169
8168
8169
8168
8168
8170
8171
8173
8173
8173
8175
8173
8171
8171
8171
8173
8175
8175
8175
8176
8176
8178
8180
8180
8180
8181
8180
8181
8181
8183
8183
8185
8185
8187
8185
8185
8185
8187
8189
8189
8189
8190
8189
8189
8189
8189
8191
8191
8191
8191
8191
8191
8191
8192
8192
8192
8194
8195
8194
8195
8197
8195
8197
8197
8199
8199
8199
8199
8199
8199
8199
8200
8200
8200
8200
8200
8201
8201
8201
8203
8205
8205
8207
8207
8207
8208
8208
8208
8210
8210
8210
8210
8211
8212
8212
8214
8214
8214
8214
8214
8214
8215
8215
8215
8215
8215
8215
8215
8216
8216
8216
8217
8217
8217
8217
8217
8217
8217
8218
8217
8217
8218
8217
8218
8219
8219
8221
8221
8223
8223
8225
8225
8227
8228
8227
8227
8229
8230
8230
8230
8229
8229
8231
8231
8233
8233
8233
8234
8236
8236
8236
8237
8237
8237
8237
8237
8238
8239
8240
8240
8240
8240
8240
8240
8240
8240
8240
8240
8240
8240
8241
8242
8242
8242
8243
8243
8243
8244
8244
8244
8244
8244
8244
8244
8244
8245
8246
8245
8246
8246
8246
8246
8247
8246
8246
8246
8246
8247
8249
8249
8251
8251
8253
8253
8253
8253
8255
8257
8257
8259
8257
8257
8259
8259
8259
8260
8260
8260
8260
8260
8261
8262
8262
8262
8262
8262
8262
8262
8262
8262
8263
8264
8263
8264
8264
8264
8264
8264
8264
8264
8265
8265
8265
8265
8266
8266
8268
8268
8270
8271
8273
8271
8273
8274
8274
8276
8274
8274
8274
8274
8274
8275
8274
8275
8276
8278
8276
8276
8278
8278
8278
8278
8278
8279
8279
8279
8280
8279
8280
8280
8280
8281
8283
8284
8286
8286
8288
8288
8288
8288
8289
8288
8288
8289
8289
8291
8291
8291
8291
8293
8293
8295
8293
8293
8291
8293
8293
8293
8291
8293
8295
8297
8295
8297
8295
8293
8293
8293
8294
8294
8296
8294
8294
8293
8293
8294
8295
8295
8297
8299
8299
8299
8299
8301
8303
8303
8305
8307
8308
8310
8308
8308
8308
8307
8308
8308
8310
8310
8310
8310
8312
8310
8312
8312
8312
8313
8315
8315
8315
8316
8315
8315
8315
8313
8315
8313
8315
8317
8317
8317
8317
8317
8318
8319
8320
8320
8320
8320
8320
8319
8320
8320
8320
8320
8320
8320
8320
8320
8320
8320
8320
8320
8320
8321
8320
8321
8321
8321
8321
8321
8321
8321
8321
8322
8321
8321
8322
8324
8325
8326
8327
8328
8328
8330
8330
8330
8330
8330
8330
8331
8331
8331
8330
8331
8331
8331
8332
8334
8332
8332
8332
8332
8332
8331
8331
8331
8332
8331
8332
8332
8332
8333
8335
8337
8335
8335
8335
8335
8335
8335
8335
8335
8336
8337
8337
8339
8340
8340
8342
8340
8342
8342
8344
8345
8344
8345
8345
8345
8347
8345
8344
8342
8342
8343
8342
8342
8344
8344
8344
8345
8344
8345
8347
8347
8347
8348
8350
8350
8350
8350
8350
8350
8350
8350
8351
8350
8351
8352
8354
8354
8356
8354
8356
8356
8358
8358
8358
8359
8359
8361
8359
8359
8359
8359
8360
8362
8362
8364
8366
8366
8368
8368
8368
8368
8368
8369
8369
8371
8371
8371
8371
8372
8371
8371
8372
8371
8371
8371
8371
8371
8371
8372
8371
8371
8371
8372
8373
8372
8373
8374
8374
8376
8376
8376
8376
8377
8377
8379
8379
8379
8379
8380
8380
8380
8381
8381
8383
8385
8386
8386
8386
8388
8388
8388
8389
8389
8389
8391
8392
8394
8394
8394
8396
8398
8398
8400
8400
8400
8400
8401
8402
8402
8404
8406
8407
8406
8404
8404
8404
8406
8406
8408
8409
8409
8411
8411
8411
8412
8414
8416
8418
8418
8418
8418
8418
8418
8418
8418
8418
8418
8418
8418
8418
8418
8419
8419
8421
8419
8419
8420
8422
8420
8422
8422
8424
8424
8424
8424
8424
8425
8425
8425
8425
8425
8426
8426
8428
8426
8426
8427
8426
8425
8425
8425
8426
8427
8428
8428
8430
8430
8430
8431
8433
8434
8434
8436
8436
8436
8436
8436
8437
8437
8437
8438
8438
8438
8439
8438
8439
8438
8439
8438
8438
8440
8440
8440
8442
8442
8444
8444
8446
8446
8448
8448
8450
8448
8450
8450
8450
8450
8451
8450
8450
8450
8450
8451
8452
8452
8452
8452
8453
8453
8455
8455
8455
8456
8458
8456
8458
8459
8459
8459
8460
8460
8460
8462
8464
8464
8464
8464
8465
8466
8468
8470
8468
8470
8468
8466
8468
8470
8470
8472
8472
8472
8472
8472
8473
8473
8473
8473
8473
8474
8476
8476
8478
8480
8481
8483
8483
8485
8486
8487
8487
8489
8489
8489
8489
8490
8489
8489
8490
8490
8490
8490
8491
8491
8491
8491
8493
8493
8495
8495
8497
8497
8499
8499
8501
8501
8503
8504
8504
8504
8504
8504
8505
8506
8507
8509
8511
8509
8509
8509
8510
8510
8512
8510
8512
8512
8512
8512
8512
8513
8513
8513
8513
8514
8515
8515
8515
8515
8515
8515
8515
8516
8515
8515
8515
8515
8516
8516
8516
8517
8517
8517
8518
8518
8518
8518
8518
8518
8518
8518
8518
8519
8519
8521
8522
8521
8519
8521
8521
8521
8522
8522
8522
8524
8524
8524
8525
8526
8527
8528
8527
8528
8530
8530
8532
8532
8534
8532
8532
8533
8532
8532
8533
8533
8533
8533
8533
8533
8535
8535
8535
8535
8535
8533
8533
8534
8533
8534
8534
8534
8535
8537
8537
8539
8541
8541
8541
8541
8542
8541
8542
8542
8544
8544
8546
8546
8546
8547
8549
8550
8549
8547
8549
8549
8549
8550
8550
8550
8552
8553
8555
8557
8559
8559
8561
8562
8563
8562
8562
8562
8563
8563
8565
8567
8567
8567
8567
8567
8567
8567
8567
8567
8568
8568
8568
8568
8568
8568
8569
8570
8570
8570
8569
8569
8569
8569
8570
8571
8573
8574
8574
8576
8577
8578
8577
8576
8577
8578
8580
8578
8578
8580
8580
8580
8580
8582
8584
8585
8586
8586
8586
8586
8586
8586
8586
8586
8586
8586
8586
8586
8586
8586
8586
8586
8587
8587
8587
8588
8587
8588
8587
8588
8588
8588
8588
8588
8588
8588
8589
8589
8589
8589
8591
8591
8591
8589
8589
8589
8591
8593
8593
8595
8593
8593
8593
8594
8593
8593
8593
8593
8593
8593
8594
8595
8596
8596
8596
8596
8598
8596
8596
8596
8597
8598
8600
8602
8602
8602
8603
8605
8606
8606
8608
8608
8610
8611
8613
8613
8615
8615
8617
8617
8619
8619
8621
8621
8623
8621
8623
8623
8625
8623
8623
8623
8624
8625
8627
8627
8627
8629
8629
8629
8629
8630
8630
8630
8630
8630
8631
8631
8631
8633
8633
8635
8636
8636
8636
8636
8638
8638
8640
8638
8638
8638
8640
8642
8640
8640
8642
8640
8640
8640
8642
8642
8642
8642
8642
8643
8643
8643
8644
8643
8643
8643
8643
8645
8643
8645
8645
8645
8646
8646
8646
8645
8646
8645
8646
8645
8646
8646
8646
8647
8649
8651
8651
8651
8652
8652
8652
8653
8655
8657
8657
8657
8657
8657
8657
8657
8657
8658
8659
8660
8660
8660
8660
8661
8662
8664
8662
8661
8662
8664
8664
8666
8667
8666
8664
8666
8667
8669
8669
8669
8670
8670
8670
8669
8669
8670
8670
8672
8670
8670
8670
8671
8671
8671
8672
8672
8672
8672
8672
8673
8672
8672
8672
8673
8673
8675
8675
8677
8679
8679
8681
8683
8684
8684
8686
8686
8688
8690
8688
8690
8690
8692
8692
8694
8696
8698
8699
8698
8699
8700
8700
8700
8699
8698
8698
8700
8701
8702
8701
8702
8702
8704
8704
8704
8705
8705
8707
8707
8709
8709
8709
8709
8709
8710
8710
8710
8710
8711
8711
8711
8711
8711
8711
8713
8713
8715
8716
8715
8713
8715
8713
8713
8711
8713
8714
8716
8716
8718
8716
8716
8717
8717
8717
8718
8720
8718
8717
8717
8719
8719
8721
8721
8723
8723
8725
8727
8727
8729
8730
8730
8730
8731
8730
8730
8730
8730
8730
8730
8732
8733
8733
8733
8733
8734
8734
8736
8736
8736
8736
8736
8736
8736
8736
8736
8737
8738
8738
8738
8738
8739
8738
8739
8739
8739
8739
8739
8739
8739
8739
8740
8740
8740
8740
8740
8740
8740
8740
8740
8740
8742
8743
8744
8745
8744
8744
8744
8744
8746
8746
8746
8747
8749
8749
8751
8751
8753
8754
8756
8757
8756
8757
8756
8756
8758
8756
8758
8758
8760
8758
8758
8758
8758
8758
8758
8759
8760
8760
8762
8763
8763
8763
8763
8764
8764
8766
8766
8768
8769
8769
8769
8769
8769
8770
8770
8772
8772
8772
8772
8772
8772
8772
8773
8774
8776
8778
8776
8776
8776
8776
8776
8776
8777
8778
8778
8778
8778
8778
8778
8779
8779
8781
8782
8782
8782
8783
8782
8782
8782
8782
8784
8786
8786
8786
8788
8786
8788
8786
8786
8788
8788
8790
8792
8794
8796
8797
8797
8797
8799
8799
8799
8799
8800
8800
8800
8800
8801
8801
8803
8801
8803
8803
8803
8803
8803
8803
8803
8804
